{"/home/travis/build/npmtest/node-npmtest-cors-anywhere/test.js":{"path":"/home/travis/build/npmtest/node-npmtest-cors-anywhere/test.js","s":{"1":2,"2":2,"3":2,"4":2,"5":2,"6":2,"7":2,"8":1,"9":2,"10":2,"11":1,"12":1,"13":1,"14":1,"15":2,"16":2,"17":2,"18":2,"19":1,"20":1,"21":2,"22":2,"23":2,"24":1,"25":1,"26":1,"27":1,"28":1,"29":1,"30":1,"31":1,"32":1,"33":1,"34":1,"35":1,"36":1,"37":2,"38":2,"39":1,"40":2,"41":2,"42":1,"43":2,"44":2,"45":1,"46":2,"47":2,"48":1,"49":1,"50":1,"51":1,"52":1},"b":{"1":[2,1,1,1],"2":[1,1,1,1],"3":[1,1],"4":[1,1],"5":[1,1],"6":[1,1],"7":[1,1],"8":[1,1],"9":[1,1,1],"10":[1,1],"11":[1,1],"12":[1,1],"13":[1,1],"14":[1,1],"15":[1,1],"16":[1,1]},"f":{"1":2,"2":2,"3":2,"4":2,"5":2,"6":1,"7":1,"8":2,"9":2,"10":2,"11":2,"12":1},"fnMap":{"1":{"name":"(anonymous_1)","line":12,"loc":{"start":{"line":12,"column":1},"end":{"line":12,"column":13}}},"2":{"name":"(anonymous_2)","line":19,"loc":{"start":{"line":19,"column":5},"end":{"line":19,"column":17}}},"3":{"name":"(anonymous_3)","line":23,"loc":{"start":{"line":23,"column":24},"end":{"line":23,"column":36}}},"4":{"name":"(anonymous_4)","line":61,"loc":{"start":{"line":61,"column":5},"end":{"line":61,"column":17}}},"5":{"name":"(anonymous_5)","line":82,"loc":{"start":{"line":82,"column":5},"end":{"line":82,"column":17}}},"6":{"name":"(anonymous_6)","line":102,"loc":{"start":{"line":102,"column":83},"end":{"line":105,"column":10}},"skip":true},"7":{"name":"(anonymous_7)","line":113,"loc":{"start":{"line":113,"column":77},"end":{"line":116,"column":10}},"skip":true},"8":{"name":"(anonymous_8)","line":129,"loc":{"start":{"line":129,"column":12},"end":{"line":129,"column":40}},"skip":true},"9":{"name":"(anonymous_9)","line":137,"loc":{"start":{"line":137,"column":77},"end":{"line":140,"column":10}},"skip":true},"10":{"name":"(anonymous_10)","line":148,"loc":{"start":{"line":148,"column":83},"end":{"line":151,"column":10}},"skip":true},"11":{"name":"(anonymous_11)","line":159,"loc":{"start":{"line":159,"column":79},"end":{"line":162,"column":10}},"skip":true},"12":{"name":"(anonymous_12)","line":170,"loc":{"start":{"line":170,"column":75},"end":{"line":173,"column":10}},"skip":true}},"statementMap":{"1":{"start":{"line":12,"column":0},"end":{"line":185,"column":5}},"2":{"start":{"line":14,"column":4},"end":{"line":14,"column":14}},"3":{"start":{"line":19,"column":4},"end":{"line":56,"column":9}},"4":{"start":{"line":21,"column":8},"end":{"line":21,"column":19}},"5":{"start":{"line":23,"column":8},"end":{"line":35,"column":13}},"6":{"start":{"line":24,"column":12},"end":{"line":34,"column":13}},"7":{"start":{"line":25,"column":16},"end":{"line":28,"column":30}},"8":{"start":{"line":30,"column":16},"end":{"line":33,"column":27}},"9":{"start":{"line":37,"column":8},"end":{"line":39,"column":21}},"10":{"start":{"line":40,"column":8},"end":{"line":53,"column":9}},"11":{"start":{"line":43,"column":12},"end":{"line":46,"column":14}},"12":{"start":{"line":47,"column":12},"end":{"line":47,"column":18}},"13":{"start":{"line":50,"column":12},"end":{"line":51,"column":46}},"14":{"start":{"line":52,"column":12},"end":{"line":52,"column":18}},"15":{"start":{"line":55,"column":8},"end":{"line":55,"column":35}},"16":{"start":{"line":61,"column":4},"end":{"line":63,"column":9}},"17":{"start":{"line":62,"column":8},"end":{"line":62,"column":15}},"18":{"start":{"line":64,"column":4},"end":{"line":77,"column":5}},"19":{"start":{"line":70,"column":8},"end":{"line":70,"column":14}},"20":{"start":{"line":76,"column":8},"end":{"line":76,"column":14}},"21":{"start":{"line":82,"column":4},"end":{"line":84,"column":9}},"22":{"start":{"line":83,"column":8},"end":{"line":83,"column":15}},"23":{"start":{"line":85,"column":4},"end":{"line":184,"column":5}},"24":{"start":{"line":92,"column":8},"end":{"line":94,"column":63}},"25":{"start":{"line":95,"column":8},"end":{"line":95,"column":14}},"26":{"start":{"line":102,"column":8},"end":{"line":111,"column":10},"skip":true},"27":{"start":{"line":109,"column":12},"end":{"line":109,"column":55},"skip":true},"28":{"start":{"line":110,"column":12},"end":{"line":110,"column":48},"skip":true},"29":{"start":{"line":113,"column":8},"end":{"line":126,"column":10},"skip":true},"30":{"start":{"line":120,"column":12},"end":{"line":120,"column":76},"skip":true},"31":{"start":{"line":121,"column":12},"end":{"line":121,"column":73},"skip":true},"32":{"start":{"line":122,"column":12},"end":{"line":122,"column":74},"skip":true},"33":{"start":{"line":123,"column":12},"end":{"line":123,"column":79},"skip":true},"34":{"start":{"line":124,"column":12},"end":{"line":124,"column":25},"skip":true},"35":{"start":{"line":125,"column":12},"end":{"line":125,"column":45},"skip":true},"36":{"start":{"line":128,"column":8},"end":{"line":135,"column":14},"skip":true},"37":{"start":{"line":133,"column":16},"end":{"line":133,"column":29},"skip":true},"38":{"start":{"line":134,"column":16},"end":{"line":134,"column":55},"skip":true},"39":{"start":{"line":137,"column":8},"end":{"line":146,"column":10},"skip":true},"40":{"start":{"line":144,"column":12},"end":{"line":144,"column":25},"skip":true},"41":{"start":{"line":145,"column":12},"end":{"line":145,"column":45},"skip":true},"42":{"start":{"line":148,"column":8},"end":{"line":157,"column":10},"skip":true},"43":{"start":{"line":155,"column":12},"end":{"line":155,"column":25},"skip":true},"44":{"start":{"line":156,"column":12},"end":{"line":156,"column":48},"skip":true},"45":{"start":{"line":159,"column":8},"end":{"line":168,"column":10},"skip":true},"46":{"start":{"line":166,"column":12},"end":{"line":166,"column":25},"skip":true},"47":{"start":{"line":167,"column":12},"end":{"line":167,"column":46},"skip":true},"48":{"start":{"line":170,"column":8},"end":{"line":179,"column":10},"skip":true},"49":{"start":{"line":177,"column":12},"end":{"line":177,"column":94},"skip":true},"50":{"start":{"line":178,"column":12},"end":{"line":178,"column":48},"skip":true},"51":{"start":{"line":182,"column":8},"end":{"line":182,"column":35},"skip":true},"52":{"start":{"line":183,"column":8},"end":{"line":183,"column":14},"skip":true}},"branchMap":{"1":{"line":25,"type":"binary-expr","locations":[{"start":{"line":25,"column":23},"end":{"line":25,"column":62}},{"start":{"line":26,"column":20},"end":{"line":26,"column":70}},{"start":{"line":27,"column":20},"end":{"line":27,"column":71}},{"start":{"line":28,"column":20},"end":{"line":28,"column":29}}]},"2":{"line":30,"type":"binary-expr","locations":[{"start":{"line":30,"column":23},"end":{"line":30,"column":37}},{"start":{"line":31,"column":20},"end":{"line":31,"column":61}},{"start":{"line":32,"column":20},"end":{"line":32,"column":70}},{"start":{"line":33,"column":20},"end":{"line":33,"column":26}}]},"3":{"line":37,"type":"cond-expr","locations":[{"start":{"line":38,"column":14},"end":{"line":38,"column":20}},{"start":{"line":39,"column":14},"end":{"line":39,"column":20}}]},"4":{"line":40,"type":"switch","locations":[{"start":{"line":42,"column":8},"end":{"line":47,"column":18}},{"start":{"line":49,"column":8},"end":{"line":52,"column":18}}]},"5":{"line":44,"type":"binary-expr","locations":[{"start":{"line":44,"column":16},"end":{"line":44,"column":44}},{"start":{"line":44,"column":48},"end":{"line":44,"column":66}}]},"6":{"line":50,"type":"binary-expr","locations":[{"start":{"line":50,"column":21},"end":{"line":50,"column":49}},{"start":{"line":50,"column":53},"end":{"line":50,"column":72}}]},"7":{"line":64,"type":"switch","locations":[{"start":{"line":69,"column":4},"end":{"line":70,"column":14}},{"start":{"line":75,"column":4},"end":{"line":76,"column":14}}]},"8":{"line":85,"type":"switch","locations":[{"start":{"line":90,"column":4},"end":{"line":95,"column":14}},{"start":{"line":101,"column":4},"end":{"line":183,"column":14},"skip":true}]},"9":{"line":92,"type":"binary-expr","locations":[{"start":{"line":92,"column":18},"end":{"line":92,"column":32}},{"start":{"line":93,"column":12},"end":{"line":93,"column":53}},{"start":{"line":94,"column":12},"end":{"line":94,"column":61}}]},"10":{"line":102,"type":"binary-expr","locations":[{"start":{"line":102,"column":45},"end":{"line":102,"column":79},"skip":true},{"start":{"line":102,"column":83},"end":{"line":111,"column":9},"skip":true}]},"11":{"line":113,"type":"binary-expr","locations":[{"start":{"line":113,"column":42},"end":{"line":113,"column":73},"skip":true},{"start":{"line":113,"column":77},"end":{"line":126,"column":9},"skip":true}]},"12":{"line":128,"type":"binary-expr","locations":[{"start":{"line":128,"column":48},"end":{"line":128,"column":85},"skip":true},{"start":{"line":129,"column":12},"end":{"line":135,"column":13},"skip":true}]},"13":{"line":137,"type":"binary-expr","locations":[{"start":{"line":137,"column":42},"end":{"line":137,"column":73},"skip":true},{"start":{"line":137,"column":77},"end":{"line":146,"column":9},"skip":true}]},"14":{"line":148,"type":"binary-expr","locations":[{"start":{"line":148,"column":45},"end":{"line":148,"column":79},"skip":true},{"start":{"line":148,"column":83},"end":{"line":157,"column":9},"skip":true}]},"15":{"line":159,"type":"binary-expr","locations":[{"start":{"line":159,"column":43},"end":{"line":159,"column":75},"skip":true},{"start":{"line":159,"column":79},"end":{"line":168,"column":9},"skip":true}]},"16":{"line":170,"type":"binary-expr","locations":[{"start":{"line":170,"column":41},"end":{"line":170,"column":71},"skip":true},{"start":{"line":170,"column":75},"end":{"line":179,"column":9},"skip":true}]}},"code":["/* istanbul instrument in package npmtest_cors_anywhere */","/*jslint","    bitwise: true,","    browser: true,","    maxerr: 8,","    maxlen: 96,","    node: true,","    nomen: true,","    regexp: true,","    stupid: true","*/","(function () {","    'use strict';","    var local;","","","","    // run shared js-env code - pre-init","    (function () {","        // init local","        local = {};","        // init modeJs","        local.modeJs = (function () {","            try {","                return typeof navigator.userAgent === 'string' &&","                    typeof document.querySelector('body') === 'object' &&","                    typeof XMLHttpRequest.prototype.open === 'function' &&","                    'browser';","            } catch (errorCaughtBrowser) {","                return module.exports &&","                    typeof process.versions.node === 'string' &&","                    typeof require('http').createServer === 'function' &&","                    'node';","            }","        }());","        // init global","        local.global = local.modeJs === 'browser'","            ? window","            : global;","        switch (local.modeJs) {","        // re-init local from window.local","        case 'browser':","            local = local.global.utility2.objectSetDefault(","                local.global.utility2_rollup || local.global.local,","                local.global.utility2","            );","            break;","        // re-init local from example.js","        case 'node':","            local = (local.global.utility2_rollup || require('utility2'))","                .requireExampleJsFromReadme();","            break;","        }","        // export local","        local.global.local = local;","    }());","","","","    // run shared js-env code - function","    (function () {","        return;","    }());","    switch (local.modeJs) {","","","","    // run browser js-env code - function","    case 'browser':","        break;","","","","    // run node js-env code - function","    case 'node':","        break;","    }","","","","    // run shared js-env code - post-init","    (function () {","        return;","    }());","    switch (local.modeJs) {","","","","    // run browser js-env code - post-init","    case 'browser':","        // run tests","        local.nop(local.modeTest &&","            document.querySelector('#testRunButton1') &&","            document.querySelector('#testRunButton1').click());","        break;","","","","    // run node js-env code - post-init","    /* istanbul ignore next */","    case 'node':","        local.testCase_buildApidoc_default = local.testCase_buildApidoc_default || function (","            options,","            onError","        ) {","        /*","         * this function will test buildApidoc's default handling-behavior-behavior","         */","            options = { modulePathList: module.paths };","            local.buildApidoc(options, onError);","        };","","        local.testCase_buildApp_default = local.testCase_buildApp_default || function (","            options,","            onError","        ) {","        /*","         * this function will test buildApp's default handling-behavior-behavior","         */","            local.testCase_buildReadme_default(options, local.onErrorThrow);","            local.testCase_buildLib_default(options, local.onErrorThrow);","            local.testCase_buildTest_default(options, local.onErrorThrow);","            local.testCase_buildCustomOrg_default(options, local.onErrorThrow);","            options = [];","            local.buildApp(options, onError);","        };","","        local.testCase_buildCustomOrg_default = local.testCase_buildCustomOrg_default ||","            function (options, onError) {","            /*","             * this function will test buildCustomOrg's default handling-behavior","             */","                options = {};","                local.buildCustomOrg(options, onError);","            };","","        local.testCase_buildLib_default = local.testCase_buildLib_default || function (","            options,","            onError","        ) {","        /*","         * this function will test buildLib's default handling-behavior","         */","            options = {};","            local.buildLib(options, onError);","        };","","        local.testCase_buildReadme_default = local.testCase_buildReadme_default || function (","            options,","            onError","        ) {","        /*","         * this function will test buildReadme's default handling-behavior-behavior","         */","            options = {};","            local.buildReadme(options, onError);","        };","","        local.testCase_buildTest_default = local.testCase_buildTest_default || function (","            options,","            onError","        ) {","        /*","         * this function will test buildTest's default handling-behavior","         */","            options = {};","            local.buildTest(options, onError);","        };","","        local.testCase_webpage_default = local.testCase_webpage_default || function (","            options,","            onError","        ) {","        /*","         * this function will test webpage's default handling-behavior","         */","            options = { modeCoverageMerge: true, url: local.serverLocalHost + '?modeTest=1' };","            local.browserTest(options, onError);","        };","","        // run test-server","        local.testRunServer(local);","        break;","    }","}());",""],"l":{"12":2,"14":2,"19":2,"21":2,"23":2,"24":2,"25":2,"30":1,"37":2,"40":2,"43":1,"47":1,"50":1,"52":1,"55":2,"61":2,"62":2,"64":2,"70":1,"76":1,"82":2,"83":2,"85":2,"92":1,"95":1,"102":1,"109":1,"110":1,"113":1,"120":1,"121":1,"122":1,"123":1,"124":1,"125":1,"128":1,"133":2,"134":2,"137":1,"144":2,"145":2,"148":1,"155":2,"156":2,"159":1,"166":2,"167":2,"170":1,"177":1,"178":1,"182":1,"183":1}},"/home/travis/build/npmtest/node-npmtest-cors-anywhere/lib.npmtest_cors_anywhere.js":{"path":"/home/travis/build/npmtest/node-npmtest-cors-anywhere/lib.npmtest_cors_anywhere.js","s":{"1":2,"2":2,"3":2,"4":2,"5":2,"6":2,"7":2,"8":1,"9":2,"10":2,"11":2,"12":2,"13":1,"14":1,"15":1,"16":1},"b":{"1":[2,1,1,1],"2":[1,1,1,1],"3":[1,1],"4":[2,2],"5":[1,1]},"f":{"1":2,"2":2,"3":2},"fnMap":{"1":{"name":"(anonymous_1)","line":12,"loc":{"start":{"line":12,"column":1},"end":{"line":12,"column":13}}},"2":{"name":"(anonymous_2)","line":19,"loc":{"start":{"line":19,"column":5},"end":{"line":19,"column":17}}},"3":{"name":"(anonymous_3)","line":23,"loc":{"start":{"line":23,"column":24},"end":{"line":23,"column":36}}}},"statementMap":{"1":{"start":{"line":12,"column":0},"end":{"line":53,"column":5}},"2":{"start":{"line":14,"column":4},"end":{"line":14,"column":14}},"3":{"start":{"line":19,"column":4},"end":{"line":52,"column":9}},"4":{"start":{"line":21,"column":8},"end":{"line":21,"column":19}},"5":{"start":{"line":23,"column":8},"end":{"line":35,"column":13}},"6":{"start":{"line":24,"column":12},"end":{"line":34,"column":13}},"7":{"start":{"line":25,"column":16},"end":{"line":28,"column":30}},"8":{"start":{"line":30,"column":16},"end":{"line":33,"column":27}},"9":{"start":{"line":37,"column":8},"end":{"line":39,"column":21}},"10":{"start":{"line":41,"column":8},"end":{"line":41,"column":54}},"11":{"start":{"line":43,"column":8},"end":{"line":43,"column":58}},"12":{"start":{"line":45,"column":8},"end":{"line":51,"column":9}},"13":{"start":{"line":46,"column":12},"end":{"line":46,"column":64}},"14":{"start":{"line":48,"column":12},"end":{"line":48,"column":35}},"15":{"start":{"line":49,"column":12},"end":{"line":49,"column":49}},"16":{"start":{"line":50,"column":12},"end":{"line":50,"column":43}}},"branchMap":{"1":{"line":25,"type":"binary-expr","locations":[{"start":{"line":25,"column":23},"end":{"line":25,"column":62}},{"start":{"line":26,"column":20},"end":{"line":26,"column":70}},{"start":{"line":27,"column":20},"end":{"line":27,"column":71}},{"start":{"line":28,"column":20},"end":{"line":28,"column":29}}]},"2":{"line":30,"type":"binary-expr","locations":[{"start":{"line":30,"column":23},"end":{"line":30,"column":37}},{"start":{"line":31,"column":20},"end":{"line":31,"column":61}},{"start":{"line":32,"column":20},"end":{"line":32,"column":70}},{"start":{"line":33,"column":20},"end":{"line":33,"column":26}}]},"3":{"line":37,"type":"cond-expr","locations":[{"start":{"line":38,"column":14},"end":{"line":38,"column":20}},{"start":{"line":39,"column":14},"end":{"line":39,"column":20}}]},"4":{"line":41,"type":"binary-expr","locations":[{"start":{"line":41,"column":16},"end":{"line":41,"column":44}},{"start":{"line":41,"column":48},"end":{"line":41,"column":53}}]},"5":{"line":45,"type":"if","locations":[{"start":{"line":45,"column":8},"end":{"line":45,"column":8}},{"start":{"line":45,"column":8},"end":{"line":45,"column":8}}]}},"code":["/* istanbul instrument in package npmtest_cors_anywhere */","/*jslint","    bitwise: true,","    browser: true,","    maxerr: 8,","    maxlen: 96,","    node: true,","    nomen: true,","    regexp: true,","    stupid: true","*/","(function () {","    'use strict';","    var local;","","","","    // run shared js-env code - pre-init","    (function () {","        // init local","        local = {};","        // init modeJs","        local.modeJs = (function () {","            try {","                return typeof navigator.userAgent === 'string' &&","                    typeof document.querySelector('body') === 'object' &&","                    typeof XMLHttpRequest.prototype.open === 'function' &&","                    'browser';","            } catch (errorCaughtBrowser) {","                return module.exports &&","                    typeof process.versions.node === 'string' &&","                    typeof require('http').createServer === 'function' &&","                    'node';","            }","        }());","        // init global","        local.global = local.modeJs === 'browser'","            ? window","            : global;","        // init utility2_rollup","        local = local.global.utility2_rollup || local;","        // init lib","        local.local = local.npmtest_cors_anywhere = local;","        // init exports","        if (local.modeJs === 'browser') {","            local.global.utility2_npmtest_cors_anywhere = local;","        } else {","            module.exports = local;","            module.exports.__dirname = __dirname;","            module.exports.module = module;","        }","    }());","}());",""],"l":{"12":2,"14":2,"19":2,"21":2,"23":2,"24":2,"25":2,"30":1,"37":2,"41":2,"43":2,"45":2,"46":1,"48":1,"49":1,"50":1}},"/home/travis/build/npmtest/node-npmtest-cors-anywhere/example.js":{"path":"/home/travis/build/npmtest/node-npmtest-cors-anywhere/example.js","s":{"1":2,"2":2,"3":2,"4":2,"5":2,"6":2,"7":2,"8":1,"9":2,"10":2,"11":2,"12":2,"13":1,"14":2,"15":2,"16":2,"17":2,"18":2,"19":0,"20":2,"21":1,"22":1,"23":1,"24":1,"25":1,"26":0,"27":0,"28":1,"29":1,"30":2,"31":0,"32":0,"33":0,"34":1,"35":2,"36":2,"37":2,"38":2,"39":2,"40":2,"41":0,"42":2,"43":2,"44":2,"45":1,"46":3,"47":1,"48":1,"49":1,"50":1,"51":1,"52":1,"53":1,"54":1,"55":1,"56":1,"57":0,"58":1,"59":6,"60":6,"61":1,"62":2,"63":0,"64":2,"65":1,"66":1,"67":0,"68":0,"69":0,"70":0,"71":0,"72":0,"73":0,"74":0,"75":0,"76":0,"77":0,"78":0,"79":0,"80":0,"81":0,"82":0,"83":0},"b":{"1":[2,1,1,1],"2":[1,1,1,1],"3":[1,1],"4":[2,2],"5":[1,1],"6":[1,1],"7":[2,0],"8":[2,1,1,1,1,1],"9":[0,2,0],"10":[1,1],"11":[2,1,1],"12":[1,0],"13":[0,2],"14":[2,0,0,0,0,0,0],"15":[0,2],"16":[2,0],"17":[1,1],"18":[0,1],"19":[1,2,0,2],"20":[1,0],"21":[1,1],"22":[0,0],"23":[0,0],"24":[0,0],"25":[0,0],"26":[0,0],"27":[0,0],"28":[0,0]},"f":{"1":2,"2":2,"3":2,"4":2,"5":2,"6":2,"7":2,"8":2,"9":3,"10":1,"11":6,"12":0},"fnMap":{"1":{"name":"(anonymous_1)","line":26,"loc":{"start":{"line":26,"column":1},"end":{"line":26,"column":13}}},"2":{"name":"(anonymous_2)","line":33,"loc":{"start":{"line":33,"column":5},"end":{"line":33,"column":17}}},"3":{"name":"(anonymous_3)","line":37,"loc":{"start":{"line":37,"column":24},"end":{"line":37,"column":36}}},"4":{"name":"(anonymous_4)","line":69,"loc":{"start":{"line":69,"column":31},"end":{"line":69,"column":48}},"skip":true},"5":{"name":"(anonymous_5)","line":78,"loc":{"start":{"line":78,"column":26},"end":{"line":78,"column":45}},"skip":true},"6":{"name":"(anonymous_6)","line":123,"loc":{"start":{"line":123,"column":33},"end":{"line":123,"column":48}},"skip":true},"7":{"name":"(anonymous_7)","line":125,"loc":{"start":{"line":125,"column":27},"end":{"line":125,"column":39}},"skip":true},"8":{"name":"(anonymous_8)","line":133,"loc":{"start":{"line":133,"column":59},"end":{"line":133,"column":74}},"skip":true},"9":{"name":"(anonymous_9)","line":143,"loc":{"start":{"line":143,"column":45},"end":{"line":143,"column":62}},"skip":true},"10":{"name":"(anonymous_10)","line":144,"loc":{"start":{"line":144,"column":73},"end":{"line":144,"column":92}},"skip":true},"11":{"name":"(anonymous_11)","line":272,"loc":{"start":{"line":272,"column":51},"end":{"line":272,"column":77}},"skip":true},"12":{"name":"(anonymous_12)","line":314,"loc":{"start":{"line":314,"column":32},"end":{"line":314,"column":61}},"skip":true}},"statementMap":{"1":{"start":{"line":26,"column":0},"end":{"line":325,"column":5}},"2":{"start":{"line":28,"column":4},"end":{"line":28,"column":14}},"3":{"start":{"line":33,"column":4},"end":{"line":60,"column":9}},"4":{"start":{"line":35,"column":8},"end":{"line":35,"column":19}},"5":{"start":{"line":37,"column":8},"end":{"line":49,"column":13}},"6":{"start":{"line":38,"column":12},"end":{"line":48,"column":13}},"7":{"start":{"line":39,"column":16},"end":{"line":42,"column":30}},"8":{"start":{"line":44,"column":16},"end":{"line":47,"column":27}},"9":{"start":{"line":51,"column":8},"end":{"line":53,"column":21}},"10":{"start":{"line":55,"column":8},"end":{"line":57,"column":45}},"11":{"start":{"line":59,"column":8},"end":{"line":59,"column":35}},"12":{"start":{"line":61,"column":4},"end":{"line":324,"column":5}},"13":{"start":{"line":69,"column":8},"end":{"line":121,"column":10},"skip":true},"14":{"start":{"line":70,"column":12},"end":{"line":88,"column":13},"skip":true},"15":{"start":{"line":76,"column":16},"end":{"line":87,"column":19},"skip":true},"16":{"start":{"line":79,"column":20},"end":{"line":86,"column":21},"skip":true},"17":{"start":{"line":82,"column":24},"end":{"line":82,"column":43},"skip":true},"18":{"start":{"line":83,"column":24},"end":{"line":83,"column":30},"skip":true},"19":{"start":{"line":85,"column":24},"end":{"line":85,"column":49},"skip":true},"20":{"start":{"line":89,"column":12},"end":{"line":107,"column":13},"skip":true},"21":{"start":{"line":92,"column":16},"end":{"line":102,"column":17},"skip":true},"22":{"start":{"line":93,"column":20},"end":{"line":93,"column":86},"skip":true},"23":{"start":{"line":94,"column":20},"end":{"line":95,"column":45},"skip":true},"24":{"start":{"line":96,"column":20},"end":{"line":96,"column":42},"skip":true},"25":{"start":{"line":97,"column":20},"end":{"line":97,"column":48},"skip":true},"26":{"start":{"line":100,"column":20},"end":{"line":100,"column":85},"skip":true},"27":{"start":{"line":101,"column":20},"end":{"line":101,"column":96},"skip":true},"28":{"start":{"line":103,"column":16},"end":{"line":103,"column":22},"skip":true},"29":{"start":{"line":106,"column":16},"end":{"line":106,"column":22},"skip":true},"30":{"start":{"line":108,"column":12},"end":{"line":120,"column":13},"skip":true},"31":{"start":{"line":114,"column":16},"end":{"line":119,"column":17},"skip":true},"32":{"start":{"line":116,"column":20},"end":{"line":116,"column":78},"skip":true},"33":{"start":{"line":118,"column":20},"end":{"line":118,"column":47},"skip":true},"34":{"start":{"line":123,"column":8},"end":{"line":141,"column":11},"skip":true},"35":{"start":{"line":124,"column":12},"end":{"line":124,"column":54},"skip":true},"36":{"start":{"line":125,"column":12},"end":{"line":140,"column":14},"skip":true},"37":{"start":{"line":126,"column":16},"end":{"line":126,"column":28},"skip":true},"38":{"start":{"line":127,"column":16},"end":{"line":127,"column":69},"skip":true},"39":{"start":{"line":128,"column":16},"end":{"line":128,"column":75},"skip":true},"40":{"start":{"line":129,"column":16},"end":{"line":131,"column":17},"skip":true},"41":{"start":{"line":130,"column":20},"end":{"line":130,"column":27},"skip":true},"42":{"start":{"line":133,"column":16},"end":{"line":137,"column":36},"skip":true},"43":{"start":{"line":134,"column":20},"end":{"line":136,"column":55},"skip":true},"44":{"start":{"line":139,"column":16},"end":{"line":139,"column":57},"skip":true},"45":{"start":{"line":143,"column":8},"end":{"line":147,"column":11},"skip":true},"46":{"start":{"line":144,"column":12},"end":{"line":146,"column":15},"skip":true},"47":{"start":{"line":145,"column":16},"end":{"line":145,"column":70},"skip":true},"48":{"start":{"line":149,"column":8},"end":{"line":149,"column":31},"skip":true},"49":{"start":{"line":150,"column":8},"end":{"line":150,"column":14},"skip":true},"50":{"start":{"line":158,"column":8},"end":{"line":158,"column":31},"skip":true},"51":{"start":{"line":160,"column":8},"end":{"line":160,"column":33},"skip":true},"52":{"start":{"line":161,"column":8},"end":{"line":161,"column":37},"skip":true},"53":{"start":{"line":162,"column":8},"end":{"line":162,"column":35},"skip":true},"54":{"start":{"line":164,"column":8},"end":{"line":164,"column":50},"skip":true},"55":{"start":{"line":166,"column":8},"end":{"line":256,"column":2},"skip":true},"56":{"start":{"line":258,"column":8},"end":{"line":286,"column":9},"skip":true},"57":{"start":{"line":259,"column":12},"end":{"line":269,"column":14},"skip":true},"58":{"start":{"line":271,"column":12},"end":{"line":285,"column":19},"skip":true},"59":{"start":{"line":274,"column":20},"end":{"line":274,"column":35},"skip":true},"60":{"start":{"line":275,"column":20},"end":{"line":284,"column":21},"skip":true},"61":{"start":{"line":277,"column":24},"end":{"line":277,"column":64},"skip":true},"62":{"start":{"line":279,"column":24},"end":{"line":279,"column":40},"skip":true},"63":{"start":{"line":281,"column":24},"end":{"line":281,"column":40},"skip":true},"64":{"start":{"line":283,"column":24},"end":{"line":283,"column":39},"skip":true},"65":{"start":{"line":288,"column":8},"end":{"line":290,"column":9},"skip":true},"66":{"start":{"line":289,"column":12},"end":{"line":289,"column":18},"skip":true},"67":{"start":{"line":291,"column":8},"end":{"line":293,"column":54},"skip":true},"68":{"start":{"line":294,"column":8},"end":{"line":301,"column":37},"skip":true},"69":{"start":{"line":302,"column":8},"end":{"line":302,"column":82},"skip":true},"70":{"start":{"line":305,"column":8},"end":{"line":307,"column":9},"skip":true},"71":{"start":{"line":306,"column":12},"end":{"line":306,"column":82},"skip":true},"72":{"start":{"line":309,"column":8},"end":{"line":311,"column":9},"skip":true},"73":{"start":{"line":310,"column":12},"end":{"line":310,"column":18},"skip":true},"74":{"start":{"line":312,"column":8},"end":{"line":312,"column":54},"skip":true},"75":{"start":{"line":313,"column":8},"end":{"line":313,"column":69},"skip":true},"76":{"start":{"line":314,"column":8},"end":{"line":322,"column":36},"skip":true},"77":{"start":{"line":315,"column":12},"end":{"line":315,"column":61},"skip":true},"78":{"start":{"line":316,"column":12},"end":{"line":319,"column":13},"skip":true},"79":{"start":{"line":317,"column":16},"end":{"line":317,"column":75},"skip":true},"80":{"start":{"line":318,"column":16},"end":{"line":318,"column":23},"skip":true},"81":{"start":{"line":320,"column":12},"end":{"line":320,"column":38},"skip":true},"82":{"start":{"line":321,"column":12},"end":{"line":321,"column":27},"skip":true},"83":{"start":{"line":323,"column":8},"end":{"line":323,"column":14},"skip":true}},"branchMap":{"1":{"line":39,"type":"binary-expr","locations":[{"start":{"line":39,"column":23},"end":{"line":39,"column":62}},{"start":{"line":40,"column":20},"end":{"line":40,"column":70}},{"start":{"line":41,"column":20},"end":{"line":41,"column":71}},{"start":{"line":42,"column":20},"end":{"line":42,"column":29}}]},"2":{"line":44,"type":"binary-expr","locations":[{"start":{"line":44,"column":23},"end":{"line":44,"column":37}},{"start":{"line":45,"column":20},"end":{"line":45,"column":61}},{"start":{"line":46,"column":20},"end":{"line":46,"column":70}},{"start":{"line":47,"column":20},"end":{"line":47,"column":26}}]},"3":{"line":51,"type":"cond-expr","locations":[{"start":{"line":52,"column":14},"end":{"line":52,"column":20}},{"start":{"line":53,"column":14},"end":{"line":53,"column":20}}]},"4":{"line":55,"type":"binary-expr","locations":[{"start":{"line":55,"column":16},"end":{"line":55,"column":44}},{"start":{"line":55,"column":49},"end":{"line":57,"column":43}}]},"5":{"line":55,"type":"cond-expr","locations":[{"start":{"line":56,"column":14},"end":{"line":56,"column":57}},{"start":{"line":57,"column":14},"end":{"line":57,"column":43}}]},"6":{"line":61,"type":"switch","locations":[{"start":{"line":68,"column":4},"end":{"line":150,"column":14},"skip":true},{"start":{"line":156,"column":4},"end":{"line":323,"column":14},"skip":true}]},"7":{"line":70,"type":"if","locations":[{"start":{"line":70,"column":12},"end":{"line":70,"column":12},"skip":true},{"start":{"line":70,"column":12},"end":{"line":70,"column":12},"skip":true}]},"8":{"line":70,"type":"binary-expr","locations":[{"start":{"line":70,"column":16},"end":{"line":70,"column":22},"skip":true},{"start":{"line":70,"column":27},"end":{"line":70,"column":32},"skip":true},{"start":{"line":71,"column":20},"end":{"line":71,"column":39},"skip":true},{"start":{"line":72,"column":20},"end":{"line":72,"column":49},"skip":true},{"start":{"line":73,"column":20},"end":{"line":73,"column":58},"skip":true},{"start":{"line":74,"column":20},"end":{"line":74,"column":69},"skip":true}]},"9":{"line":79,"type":"switch","locations":[{"start":{"line":80,"column":20},"end":{"line":80,"column":33},"skip":true},{"start":{"line":81,"column":20},"end":{"line":83,"column":30},"skip":true},{"start":{"line":84,"column":20},"end":{"line":85,"column":49},"skip":true}]},"10":{"line":89,"type":"switch","locations":[{"start":{"line":90,"column":12},"end":{"line":103,"column":22},"skip":true},{"start":{"line":105,"column":12},"end":{"line":106,"column":22},"skip":true}]},"11":{"line":89,"type":"binary-expr","locations":[{"start":{"line":89,"column":20},"end":{"line":89,"column":25},"skip":true},{"start":{"line":89,"column":29},"end":{"line":89,"column":48},"skip":true},{"start":{"line":89,"column":52},"end":{"line":89,"column":74},"skip":true}]},"12":{"line":92,"type":"if","locations":[{"start":{"line":92,"column":16},"end":{"line":92,"column":16},"skip":true},{"start":{"line":92,"column":16},"end":{"line":92,"column":16},"skip":true}]},"13":{"line":108,"type":"if","locations":[{"start":{"line":108,"column":12},"end":{"line":108,"column":12},"skip":true},{"start":{"line":108,"column":12},"end":{"line":108,"column":12},"skip":true}]},"14":{"line":108,"type":"binary-expr","locations":[{"start":{"line":108,"column":16},"end":{"line":108,"column":61},"skip":true},{"start":{"line":108,"column":66},"end":{"line":108,"column":72},"skip":true},{"start":{"line":108,"column":77},"end":{"line":108,"column":82},"skip":true},{"start":{"line":109,"column":20},"end":{"line":109,"column":39},"skip":true},{"start":{"line":110,"column":20},"end":{"line":110,"column":49},"skip":true},{"start":{"line":111,"column":20},"end":{"line":111,"column":58},"skip":true},{"start":{"line":112,"column":20},"end":{"line":112,"column":68},"skip":true}]},"15":{"line":129,"type":"if","locations":[{"start":{"line":129,"column":16},"end":{"line":129,"column":16},"skip":true},{"start":{"line":129,"column":16},"end":{"line":129,"column":16},"skip":true}]},"16":{"line":134,"type":"cond-expr","locations":[{"start":{"line":135,"column":26},"end":{"line":135,"column":29},"skip":true},{"start":{"line":136,"column":26},"end":{"line":136,"column":54},"skip":true}]},"17":{"line":164,"type":"binary-expr","locations":[{"start":{"line":164,"column":27},"end":{"line":164,"column":43},"skip":true},{"start":{"line":164,"column":47},"end":{"line":164,"column":49},"skip":true}]},"18":{"line":258,"type":"if","locations":[{"start":{"line":258,"column":8},"end":{"line":258,"column":8},"skip":true},{"start":{"line":258,"column":8},"end":{"line":258,"column":8},"skip":true}]},"19":{"line":275,"type":"switch","locations":[{"start":{"line":276,"column":20},"end":{"line":277,"column":64},"skip":true},{"start":{"line":278,"column":20},"end":{"line":279,"column":40},"skip":true},{"start":{"line":280,"column":20},"end":{"line":281,"column":40},"skip":true},{"start":{"line":282,"column":20},"end":{"line":283,"column":39},"skip":true}]},"20":{"line":288,"type":"if","locations":[{"start":{"line":288,"column":8},"end":{"line":288,"column":8},"skip":true},{"start":{"line":288,"column":8},"end":{"line":288,"column":8},"skip":true}]},"21":{"line":288,"type":"binary-expr","locations":[{"start":{"line":288,"column":12},"end":{"line":288,"column":40},"skip":true},{"start":{"line":288,"column":44},"end":{"line":288,"column":67},"skip":true}]},"22":{"line":292,"type":"binary-expr","locations":[{"start":{"line":292,"column":12},"end":{"line":292,"column":50},"skip":true},{"start":{"line":293,"column":12},"end":{"line":293,"column":53},"skip":true}]},"23":{"line":295,"type":"binary-expr","locations":[{"start":{"line":295,"column":12},"end":{"line":295,"column":71},"skip":true},{"start":{"line":296,"column":12},"end":{"line":301,"column":36},"skip":true}]},"24":{"line":302,"type":"binary-expr","locations":[{"start":{"line":302,"column":43},"end":{"line":302,"column":75},"skip":true},{"start":{"line":302,"column":79},"end":{"line":302,"column":81},"skip":true}]},"25":{"line":305,"type":"if","locations":[{"start":{"line":305,"column":8},"end":{"line":305,"column":8},"skip":true},{"start":{"line":305,"column":8},"end":{"line":305,"column":8},"skip":true}]},"26":{"line":309,"type":"if","locations":[{"start":{"line":309,"column":8},"end":{"line":309,"column":8},"skip":true},{"start":{"line":309,"column":8},"end":{"line":309,"column":8},"skip":true}]},"27":{"line":312,"type":"binary-expr","locations":[{"start":{"line":312,"column":27},"end":{"line":312,"column":43},"skip":true},{"start":{"line":312,"column":47},"end":{"line":312,"column":53},"skip":true}]},"28":{"line":316,"type":"if","locations":[{"start":{"line":316,"column":12},"end":{"line":316,"column":12},"skip":true},{"start":{"line":316,"column":12},"end":{"line":316,"column":12},"skip":true}]}},"code":["/*","example.js","","quickstart example","","instruction","    1. save this script as example.js","    2. run the shell command:","        $ npm install npmtest-cors-anywhere && PORT=8081 node example.js","    3. play with the browser-demo on http://127.0.0.1:8081","*/","","","","/* istanbul instrument in package npmtest_cors_anywhere */","/*jslint","    bitwise: true,","    browser: true,","    maxerr: 8,","    maxlen: 96,","    node: true,","    nomen: true,","    regexp: true,","    stupid: true","*/","(function () {","    'use strict';","    var local;","","","","    // run shared js-env code - pre-init","    (function () {","        // init local","        local = {};","        // init modeJs","        local.modeJs = (function () {","            try {","                return typeof navigator.userAgent === 'string' &&","                    typeof document.querySelector('body') === 'object' &&","                    typeof XMLHttpRequest.prototype.open === 'function' &&","                    'browser';","            } catch (errorCaughtBrowser) {","                return module.exports &&","                    typeof process.versions.node === 'string' &&","                    typeof require('http').createServer === 'function' &&","                    'node';","            }","        }());","        // init global","        local.global = local.modeJs === 'browser'","            ? window","            : global;","        // init utility2_rollup","        local = local.global.utility2_rollup || (local.modeJs === 'browser'","            ? local.global.utility2_npmtest_cors_anywhere","            : global.utility2_moduleExports);","        // export local","        local.global.local = local;","    }());","    switch (local.modeJs) {","","","","    // post-init","    // run browser js-env code - post-init","    /* istanbul ignore next */","    case 'browser':","        local.testRunBrowser = function (event) {","            if (!event || (event &&","                    event.currentTarget &&","                    event.currentTarget.className &&","                    event.currentTarget.className.includes &&","                    event.currentTarget.className.includes('onreset'))) {","                // reset output","                Array.from(","                    document.querySelectorAll('body > .resettable')","                ).forEach(function (element) {","                    switch (element.tagName) {","                    case 'INPUT':","                    case 'TEXTAREA':","                        element.value = '';","                        break;","                    default:","                        element.textContent = '';","                    }","                });","            }","            switch (event && event.currentTarget && event.currentTarget.id) {","            case 'testRunButton1':","                // show tests","                if (document.querySelector('#testReportDiv1').style.display === 'none') {","                    document.querySelector('#testReportDiv1').style.display = 'block';","                    document.querySelector('#testRunButton1').textContent =","                        'hide internal test';","                    local.modeTest = true;","                    local.testRunDefault(local);","                // hide tests","                } else {","                    document.querySelector('#testReportDiv1').style.display = 'none';","                    document.querySelector('#testRunButton1').textContent = 'run internal test';","                }","                break;","            // custom-case","            default:","                break;","            }","            if (document.querySelector('#inputTextareaEval1') && (!event || (event &&","                    event.currentTarget &&","                    event.currentTarget.className &&","                    event.currentTarget.className.includes &&","                    event.currentTarget.className.includes('oneval')))) {","                // try to eval input-code","                try {","                    /*jslint evil: true*/","                    eval(document.querySelector('#inputTextareaEval1').value);","                } catch (errorCaught) {","                    console.error(errorCaught);","                }","            }","        };","        // log stderr and stdout to #outputTextareaStdout1","        ['error', 'log'].forEach(function (key) {","            console[key + '_original'] = console[key];","            console[key] = function () {","                var element;","                console[key + '_original'].apply(console, arguments);","                element = document.querySelector('#outputTextareaStdout1');","                if (!element) {","                    return;","                }","                // append text to #outputTextareaStdout1","                element.value += Array.from(arguments).map(function (arg) {","                    return typeof arg === 'string'","                        ? arg","                        : JSON.stringify(arg, null, 4);","                }).join(' ') + '\\n';","                // scroll textarea to bottom","                element.scrollTop = element.scrollHeight;","            };","        });","        // init event-handling","        ['change', 'click', 'keyup'].forEach(function (event) {","            Array.from(document.querySelectorAll('.on' + event)).forEach(function (element) {","                element.addEventListener(event, local.testRunBrowser);","            });","        });","        // run tests","        local.testRunBrowser();","        break;","","","","    // run node js-env code - post-init","    /* istanbul ignore next */","    case 'node':","        // export local","        module.exports = local;","        // require modules","        local.fs = require('fs');","        local.http = require('http');","        local.url = require('url');","        // init assets","        local.assetsDict = local.assetsDict || {};","        /* jslint-ignore-begin */","        local.assetsDict['/assets.index.template.html'] = '\\","<!doctype html>\\n\\","<html lang=\"en\">\\n\\","<head>\\n\\","<meta charset=\"UTF-8\">\\n\\","<meta name=\"viewport\" content=\"width=device-width, initial-scale=1\">\\n\\","<title>{{env.npm_package_name}} (v{{env.npm_package_version}})</title>\\n\\","<style>\\n\\","/*csslint\\n\\","    box-sizing: false,\\n\\","    universal-selector: false\\n\\","*/\\n\\","* {\\n\\","    box-sizing: border-box;\\n\\","}\\n\\","body {\\n\\","    background: #dde;\\n\\","    font-family: Arial, Helvetica, sans-serif;\\n\\","    margin: 2rem;\\n\\","}\\n\\","body > * {\\n\\","    margin-bottom: 1rem;\\n\\","}\\n\\",".utility2FooterDiv {\\n\\","    margin-top: 20px;\\n\\","    text-align: center;\\n\\","}\\n\\","</style>\\n\\","<style>\\n\\","/*csslint\\n\\","*/\\n\\","textarea {\\n\\","    font-family: monospace;\\n\\","    height: 10rem;\\n\\","    width: 100%;\\n\\","}\\n\\","textarea[readonly] {\\n\\","    background: #ddd;\\n\\","}\\n\\","</style>\\n\\","</head>\\n\\","<body>\\n\\","<!-- utility2-comment\\n\\","<div id=\"ajaxProgressDiv1\" style=\"background: #d00; height: 2px; left: 0; margin: 0; padding: 0; position: fixed; top: 0; transition: background 0.5s, width 1.5s; width: 25%;\"></div>\\n\\","utility2-comment -->\\n\\","<h1>\\n\\","<!-- utility2-comment\\n\\","    <a\\n\\","        {{#if env.npm_package_homepage}}\\n\\","        href=\"{{env.npm_package_homepage}}\"\\n\\","        {{/if env.npm_package_homepage}}\\n\\","        target=\"_blank\"\\n\\","    >\\n\\","utility2-comment -->\\n\\","        {{env.npm_package_name}} (v{{env.npm_package_version}})\\n\\","<!-- utility2-comment\\n\\","    </a>\\n\\","utility2-comment -->\\n\\","</h1>\\n\\","<h3>{{env.npm_package_description}}</h3>\\n\\","<!-- utility2-comment\\n\\","<h4><a download href=\"assets.app.js\">download standalone app</a></h4>\\n\\","<button class=\"onclick onreset\" id=\"testRunButton1\">run internal test</button><br>\\n\\","<div id=\"testReportDiv1\" style=\"display: none;\"></div>\\n\\","utility2-comment -->\\n\\","\\n\\","\\n\\","\\n\\","<label>stderr and stdout</label>\\n\\","<textarea class=\"resettable\" id=\"outputTextareaStdout1\" readonly></textarea>\\n\\","<!-- utility2-comment\\n\\","{{#if isRollup}}\\n\\","<script src=\"assets.app.js\"></script>\\n\\","{{#unless isRollup}}\\n\\","utility2-comment -->\\n\\","<script src=\"assets.utility2.rollup.js\"></script>\\n\\","<script src=\"jsonp.utility2._stateInit?callback=window.utility2._stateInit\"></script>\\n\\","<script src=\"assets.npmtest_cors_anywhere.rollup.js\"></script>\\n\\","<script src=\"assets.example.js\"></script>\\n\\","<script src=\"assets.test.js\"></script>\\n\\","<!-- utility2-comment\\n\\","{{/if isRollup}}\\n\\","utility2-comment -->\\n\\","<div class=\"utility2FooterDiv\">\\n\\","    [ this app was created with\\n\\","    <a href=\"https://github.com/kaizhu256/node-utility2\" target=\"_blank\">utility2</a>\\n\\","    ]\\n\\","</div>\\n\\","</body>\\n\\","</html>\\n\\","';","        /* jslint-ignore-end */","        if (local.templateRender) {","            local.assetsDict['/'] = local.templateRender(","                local.assetsDict['/assets.index.template.html'],","                {","                    env: local.objectSetDefault(local.env, {","                        npm_package_description: 'the greatest app in the world!',","                        npm_package_name: 'my-app',","                        npm_package_nameAlias: 'my_app',","                        npm_package_version: '0.0.1'","                    })","                }","            );","        } else {","            local.assetsDict['/'] = local.assetsDict['/assets.index.template.html']","                .replace((/\\{\\{env\\.(\\w+?)\\}\\}/g), function (match0, match1) {","                    // jslint-hack","                    String(match0);","                    switch (match1) {","                    case 'npm_package_description':","                        return 'the greatest app in the world!';","                    case 'npm_package_name':","                        return 'my-app';","                    case 'npm_package_nameAlias':","                        return 'my_app';","                    case 'npm_package_version':","                        return '0.0.1';","                    }","                });","        }","        // run the cli","        if (local.global.utility2_rollup || module !== require.main) {","            break;","        }","        local.assetsDict['/assets.example.js'] =","            local.assetsDict['/assets.example.js'] ||","            local.fs.readFileSync(__filename, 'utf8');","        local.assetsDict['/assets.npmtest_cors_anywhere.rollup.js'] =","            local.assetsDict['/assets.npmtest_cors_anywhere.rollup.js'] ||","            local.fs.readFileSync(","                // buildCustomOrg-hack","                local.npmtest_cors_anywhere.__dirname +","                    '/lib.npmtest_cors_anywhere.js',","                'utf8'","            ).replace((/^#!/), '//');","        local.assetsDict['/favicon.ico'] = local.assetsDict['/favicon.ico'] || '';","        // if $npm_config_timeout_exit exists,","        // then exit this process after $npm_config_timeout_exit ms","        if (Number(process.env.npm_config_timeout_exit)) {","            setTimeout(process.exit, Number(process.env.npm_config_timeout_exit));","        }","        // start server","        if (local.global.utility2_serverHttp1) {","            break;","        }","        process.env.PORT = process.env.PORT || '8081';","        console.error('server starting on port ' + process.env.PORT);","        local.http.createServer(function (request, response) {","            request.urlParsed = local.url.parse(request.url);","            if (local.assetsDict[request.urlParsed.pathname] !== undefined) {","                response.end(local.assetsDict[request.urlParsed.pathname]);","                return;","            }","            response.statusCode = 404;","            response.end();","        }).listen(process.env.PORT);","        break;","    }","}());",""],"l":{"26":2,"28":2,"33":2,"35":2,"37":2,"38":2,"39":2,"44":1,"51":2,"55":2,"59":2,"61":2,"69":1,"70":2,"76":2,"79":2,"82":2,"83":2,"85":1,"89":2,"92":1,"93":1,"94":1,"96":1,"97":1,"100":1,"101":1,"103":1,"106":1,"108":2,"114":1,"116":1,"118":1,"123":1,"124":2,"125":2,"126":2,"127":2,"128":2,"129":2,"130":1,"133":2,"134":2,"139":2,"143":1,"144":3,"145":1,"149":1,"150":1,"158":1,"160":1,"161":1,"162":1,"164":1,"166":1,"258":1,"259":1,"271":1,"274":6,"275":6,"277":1,"279":2,"281":1,"283":2,"288":1,"289":1,"291":1,"294":1,"302":1,"305":1,"306":1,"309":1,"310":1,"312":1,"313":1,"314":1,"315":1,"316":1,"317":1,"318":1,"320":1,"321":1,"323":1}},"/home/travis/build/npmtest/node-npmtest-cors-anywhere/node_modules/cors-anywhere/lib/cors-anywhere.js":{"path":"/home/travis/build/npmtest/node-npmtest-cors-anywhere/node_modules/cors-anywhere/lib/cors-anywhere.js","s":{"1":1,"2":1,"3":1,"4":1,"5":1,"6":1,"7":1,"8":0,"9":0,"10":0,"11":0,"12":0,"13":0,"14":0,"15":0,"16":0,"17":0,"18":0,"19":0,"20":1,"21":0,"22":1,"23":0,"24":0,"25":0,"26":0,"27":0,"28":0,"29":0,"30":0,"31":0,"32":1,"33":0,"34":0,"35":0,"36":0,"37":0,"38":0,"39":0,"40":0,"41":0,"42":1,"43":0,"44":0,"45":0,"46":0,"47":0,"48":0,"49":0,"50":0,"51":0,"52":0,"53":0,"54":0,"55":0,"56":0,"57":0,"58":0,"59":0,"60":0,"61":0,"62":0,"63":0,"64":0,"65":0,"66":0,"67":0,"68":0,"69":0,"70":0,"71":0,"72":0,"73":0,"74":0,"75":0,"76":1,"77":0,"78":0,"79":0,"80":0,"81":0,"82":0,"83":0,"84":0,"85":1,"86":1,"87":1,"88":9,"89":4,"90":1,"91":1,"92":0,"93":1,"94":0,"95":1,"96":2,"97":1,"98":0,"99":0,"100":1,"101":0,"102":0,"103":0,"104":0,"105":0,"106":0,"107":0,"108":0,"109":0,"110":0,"111":0,"112":0,"113":0,"114":0,"115":0,"116":0,"117":0,"118":0,"119":0,"120":0,"121":0,"122":0,"123":0,"124":0,"125":0,"126":0,"127":0,"128":0,"129":0,"130":0,"131":0,"132":0,"133":0,"134":0,"135":0,"136":0,"137":0,"138":0,"139":0,"140":0,"141":0,"142":0,"143":0,"144":0,"145":0,"146":0,"147":0,"148":0,"149":0,"150":1,"151":1,"152":1,"153":1,"154":1,"155":1,"156":1,"157":1,"158":1,"159":1,"160":0,"161":1,"162":1,"163":0,"164":0,"165":0,"166":0,"167":1,"168":1},"b":{"1":[0,0],"2":[0,0],"3":[0,0],"4":[0,0,0],"5":[0,0],"6":[0,0],"7":[0,0],"8":[0,0],"9":[0,0],"10":[0,0,0,0,0],"11":[0,0],"12":[0,0],"13":[0,0,0],"14":[0,0],"15":[0,0],"16":[0,0],"17":[0,0],"18":[0,0],"19":[0,0],"20":[4,5],"21":[1,0],"22":[0,1],"23":[0,1],"24":[1,1],"25":[0,0],"26":[0,0],"27":[0,0],"28":[0,0],"29":[0,0],"30":[0,0],"31":[0,0],"32":[0,0],"33":[0,0],"34":[0,0],"35":[0,0],"36":[0,0],"37":[0,0],"38":[0,0,0,0],"39":[0,0],"40":[0,0],"41":[1,0],"42":[1,0],"43":[0,1],"44":[0,0]},"f":{"1":0,"2":0,"3":0,"4":0,"5":0,"6":0,"7":0,"8":0,"9":0,"10":0,"11":1,"12":9,"13":2,"14":0,"15":0,"16":0,"17":0,"18":0,"19":1,"20":1,"21":0},"fnMap":{"1":{"name":"showUsage","line":13,"loc":{"start":{"line":13,"column":0},"end":{"line":13,"column":49}}},"2":{"name":"(anonymous_2)","line":20,"loc":{"start":{"line":20,"column":46},"end":{"line":20,"column":66}}},"3":{"name":"isValidHostName","line":39,"loc":{"start":{"line":39,"column":0},"end":{"line":39,"column":35}}},"4":{"name":"withCORS","line":53,"loc":{"start":{"line":53,"column":0},"end":{"line":53,"column":36}}},"5":{"name":"proxyRequest","line":76,"loc":{"start":{"line":76,"column":0},"end":{"line":76,"column":39}}},"6":{"name":"onProxyResponse","line":121,"loc":{"start":{"line":121,"column":0},"end":{"line":121,"column":45}}},"7":{"name":"noop","line":156,"loc":{"start":{"line":156,"column":42},"end":{"line":156,"column":58}}},"8":{"name":"noop2","line":157,"loc":{"start":{"line":157,"column":24},"end":{"line":157,"column":41}}},"9":{"name":"(anonymous_9)","line":158,"loc":{"start":{"line":158,"column":26},"end":{"line":158,"column":40}}},"10":{"name":"parseURL","line":189,"loc":{"start":{"line":189,"column":0},"end":{"line":189,"column":27}}},"11":{"name":"getHandler","line":210,"loc":{"start":{"line":210,"column":0},"end":{"line":210,"column":36}}},"12":{"name":"(anonymous_12)","line":223,"loc":{"start":{"line":223,"column":36},"end":{"line":223,"column":53}}},"13":{"name":"(anonymous_13)","line":236,"loc":{"start":{"line":236,"column":66},"end":{"line":236,"column":87}}},"14":{"name":"(anonymous_14)","line":241,"loc":{"start":{"line":241,"column":27},"end":{"line":241,"column":45}}},"15":{"name":"(anonymous_15)","line":242,"loc":{"start":{"line":242,"column":74},"end":{"line":242,"column":95}}},"16":{"name":"(anonymous_16)","line":247,"loc":{"start":{"line":247,"column":9},"end":{"line":247,"column":28}}},"17":{"name":"(anonymous_17)","line":320,"loc":{"start":{"line":320,"column":39},"end":{"line":320,"column":56}}},"18":{"name":"(anonymous_18)","line":324,"loc":{"start":{"line":324,"column":49},"end":{"line":324,"column":66}}},"19":{"name":"createServer","line":341,"loc":{"start":{"line":341,"column":23},"end":{"line":341,"column":54}}},"20":{"name":"(anonymous_20)","line":350,"loc":{"start":{"line":350,"column":50},"end":{"line":350,"column":67}}},"21":{"name":"(anonymous_21)","line":365,"loc":{"start":{"line":365,"column":20},"end":{"line":365,"column":44}}}},"statementMap":{"1":{"start":{"line":6,"column":0},"end":{"line":6,"column":38}},"2":{"start":{"line":7,"column":0},"end":{"line":7,"column":25}},"3":{"start":{"line":8,"column":0},"end":{"line":8,"column":25}},"4":{"start":{"line":9,"column":0},"end":{"line":9,"column":54}},"5":{"start":{"line":10,"column":0},"end":{"line":10,"column":62}},"6":{"start":{"line":12,"column":0},"end":{"line":12,"column":19}},"7":{"start":{"line":13,"column":0},"end":{"line":31,"column":1}},"8":{"start":{"line":14,"column":2},"end":{"line":14,"column":41}},"9":{"start":{"line":15,"column":2},"end":{"line":15,"column":64}},"10":{"start":{"line":16,"column":2},"end":{"line":30,"column":3}},"11":{"start":{"line":17,"column":4},"end":{"line":17,"column":37}},"12":{"start":{"line":18,"column":4},"end":{"line":18,"column":39}},"13":{"start":{"line":20,"column":4},"end":{"line":29,"column":7}},"14":{"start":{"line":21,"column":6},"end":{"line":28,"column":7}},"15":{"start":{"line":22,"column":8},"end":{"line":22,"column":27}},"16":{"start":{"line":23,"column":8},"end":{"line":23,"column":41}},"17":{"start":{"line":24,"column":8},"end":{"line":24,"column":23}},"18":{"start":{"line":26,"column":8},"end":{"line":26,"column":36}},"19":{"start":{"line":27,"column":8},"end":{"line":27,"column":48}},"20":{"start":{"line":39,"column":0},"end":{"line":45,"column":1}},"21":{"start":{"line":40,"column":2},"end":{"line":44,"column":4}},"22":{"start":{"line":53,"column":0},"end":{"line":67,"column":1}},"23":{"start":{"line":54,"column":2},"end":{"line":54,"column":47}},"24":{"start":{"line":55,"column":2},"end":{"line":58,"column":3}},"25":{"start":{"line":56,"column":4},"end":{"line":56,"column":95}},"26":{"start":{"line":57,"column":4},"end":{"line":57,"column":60}},"27":{"start":{"line":59,"column":2},"end":{"line":62,"column":3}},"28":{"start":{"line":60,"column":4},"end":{"line":60,"column":96}},"29":{"start":{"line":61,"column":4},"end":{"line":61,"column":61}},"30":{"start":{"line":64,"column":2},"end":{"line":64,"column":76}},"31":{"start":{"line":66,"column":2},"end":{"line":66,"column":17}},"32":{"start":{"line":76,"column":0},"end":{"line":99,"column":1}},"33":{"start":{"line":77,"column":2},"end":{"line":77,"column":55}},"34":{"start":{"line":78,"column":2},"end":{"line":78,"column":26}},"35":{"start":{"line":80,"column":2},"end":{"line":87,"column":4}},"36":{"start":{"line":88,"column":2},"end":{"line":88,"column":83}},"37":{"start":{"line":89,"column":2},"end":{"line":95,"column":3}},"38":{"start":{"line":90,"column":4},"end":{"line":90,"column":42}},"39":{"start":{"line":91,"column":4},"end":{"line":91,"column":32}},"40":{"start":{"line":94,"column":4},"end":{"line":94,"column":28}},"41":{"start":{"line":98,"column":2},"end":{"line":98,"column":36}},"42":{"start":{"line":121,"column":0},"end":{"line":182,"column":1}},"43":{"start":{"line":122,"column":2},"end":{"line":122,"column":19}},"44":{"start":{"line":123,"column":2},"end":{"line":123,"column":50}},"45":{"start":{"line":125,"column":2},"end":{"line":125,"column":39}},"46":{"start":{"line":127,"column":2},"end":{"line":129,"column":3}},"47":{"start":{"line":128,"column":4},"end":{"line":128,"column":63}},"48":{"start":{"line":131,"column":2},"end":{"line":174,"column":3}},"49":{"start":{"line":132,"column":4},"end":{"line":132,"column":51}},"50":{"start":{"line":133,"column":4},"end":{"line":173,"column":5}},"51":{"start":{"line":134,"column":6},"end":{"line":134,"column":79}},"52":{"start":{"line":136,"column":6},"end":{"line":171,"column":7}},"53":{"start":{"line":138,"column":8},"end":{"line":138,"column":75}},"54":{"start":{"line":139,"column":8},"end":{"line":170,"column":9}},"55":{"start":{"line":143,"column":10},"end":{"line":143,"column":109}},"56":{"start":{"line":145,"column":10},"end":{"line":145,"column":29}},"57":{"start":{"line":146,"column":10},"end":{"line":146,"column":46}},"58":{"start":{"line":147,"column":10},"end":{"line":147,"column":45}},"59":{"start":{"line":148,"column":10},"end":{"line":148,"column":59}},"60":{"start":{"line":154,"column":10},"end":{"line":154,"column":40}},"61":{"start":{"line":155,"column":10},"end":{"line":155,"column":40}},"62":{"start":{"line":156,"column":10},"end":{"line":156,"column":61}},"63":{"start":{"line":157,"column":10},"end":{"line":157,"column":44}},"64":{"start":{"line":158,"column":10},"end":{"line":168,"column":12}},"65":{"start":{"line":159,"column":12},"end":{"line":159,"column":38}},"66":{"start":{"line":160,"column":12},"end":{"line":160,"column":38}},"67":{"start":{"line":163,"column":12},"end":{"line":163,"column":32}},"68":{"start":{"line":165,"column":12},"end":{"line":165,"column":37}},"69":{"start":{"line":167,"column":12},"end":{"line":167,"column":42}},"70":{"start":{"line":169,"column":10},"end":{"line":169,"column":17}},"71":{"start":{"line":172,"column":6},"end":{"line":172,"column":83}},"72":{"start":{"line":177,"column":2},"end":{"line":177,"column":40}},"73":{"start":{"line":178,"column":2},"end":{"line":178,"column":41}},"74":{"start":{"line":180,"column":2},"end":{"line":180,"column":63}},"75":{"start":{"line":181,"column":2},"end":{"line":181,"column":34}},"76":{"start":{"line":189,"column":0},"end":{"line":207,"column":1}},"77":{"start":{"line":190,"column":2},"end":{"line":190,"column":107}},"78":{"start":{"line":195,"column":2},"end":{"line":197,"column":3}},"79":{"start":{"line":196,"column":4},"end":{"line":196,"column":16}},"80":{"start":{"line":198,"column":2},"end":{"line":205,"column":3}},"81":{"start":{"line":200,"column":4},"end":{"line":203,"column":5}},"82":{"start":{"line":202,"column":6},"end":{"line":202,"column":31}},"83":{"start":{"line":204,"column":4},"end":{"line":204,"column":66}},"84":{"start":{"line":206,"column":2},"end":{"line":206,"column":28}},"85":{"start":{"line":210,"column":0},"end":{"line":337,"column":1}},"86":{"start":{"line":211,"column":2},"end":{"line":221,"column":4}},"87":{"start":{"line":223,"column":2},"end":{"line":227,"column":5}},"88":{"start":{"line":224,"column":4},"end":{"line":226,"column":5}},"89":{"start":{"line":225,"column":6},"end":{"line":225,"column":45}},"90":{"start":{"line":230,"column":2},"end":{"line":240,"column":3}},"91":{"start":{"line":231,"column":4},"end":{"line":239,"column":5}},"92":{"start":{"line":232,"column":6},"end":{"line":232,"column":78}},"93":{"start":{"line":233,"column":11},"end":{"line":239,"column":5}},"94":{"start":{"line":234,"column":6},"end":{"line":234,"column":40}},"95":{"start":{"line":236,"column":6},"end":{"line":238,"column":9}},"96":{"start":{"line":237,"column":8},"end":{"line":237,"column":40}},"97":{"start":{"line":241,"column":2},"end":{"line":245,"column":4}},"98":{"start":{"line":242,"column":4},"end":{"line":244,"column":7}},"99":{"start":{"line":243,"column":6},"end":{"line":243,"column":61}},"100":{"start":{"line":247,"column":2},"end":{"line":336,"column":4}},"101":{"start":{"line":248,"column":4},"end":{"line":248,"column":41}},"102":{"start":{"line":249,"column":4},"end":{"line":254,"column":5}},"103":{"start":{"line":251,"column":6},"end":{"line":251,"column":39}},"104":{"start":{"line":252,"column":6},"end":{"line":252,"column":16}},"105":{"start":{"line":253,"column":6},"end":{"line":253,"column":13}},"106":{"start":{"line":256,"column":4},"end":{"line":256,"column":46}},"107":{"start":{"line":258,"column":4},"end":{"line":262,"column":5}},"108":{"start":{"line":260,"column":6},"end":{"line":260,"column":58}},"109":{"start":{"line":261,"column":6},"end":{"line":261,"column":13}},"110":{"start":{"line":264,"column":4},"end":{"line":271,"column":5}},"111":{"start":{"line":268,"column":6},"end":{"line":268,"column":57}},"112":{"start":{"line":269,"column":6},"end":{"line":269,"column":20}},"113":{"start":{"line":270,"column":6},"end":{"line":270,"column":13}},"114":{"start":{"line":273,"column":4},"end":{"line":278,"column":5}},"115":{"start":{"line":275,"column":6},"end":{"line":275,"column":55}},"116":{"start":{"line":276,"column":6},"end":{"line":276,"column":57}},"117":{"start":{"line":277,"column":6},"end":{"line":277,"column":13}},"118":{"start":{"line":280,"column":4},"end":{"line":285,"column":5}},"119":{"start":{"line":282,"column":6},"end":{"line":282,"column":55}},"120":{"start":{"line":283,"column":6},"end":{"line":283,"column":52}},"121":{"start":{"line":284,"column":6},"end":{"line":284,"column":13}},"122":{"start":{"line":287,"column":4},"end":{"line":291,"column":5}},"123":{"start":{"line":288,"column":6},"end":{"line":288,"column":58}},"124":{"start":{"line":289,"column":6},"end":{"line":289,"column":101}},"125":{"start":{"line":290,"column":6},"end":{"line":290,"column":13}},"126":{"start":{"line":293,"column":4},"end":{"line":293,"column":42}},"127":{"start":{"line":294,"column":4},"end":{"line":298,"column":5}},"128":{"start":{"line":295,"column":6},"end":{"line":295,"column":52}},"129":{"start":{"line":296,"column":6},"end":{"line":296,"column":92}},"130":{"start":{"line":297,"column":6},"end":{"line":297,"column":13}},"131":{"start":{"line":300,"column":4},"end":{"line":304,"column":5}},"132":{"start":{"line":301,"column":6},"end":{"line":301,"column":52}},"133":{"start":{"line":302,"column":6},"end":{"line":302,"column":96}},"134":{"start":{"line":303,"column":6},"end":{"line":303,"column":13}},"135":{"start":{"line":306,"column":4},"end":{"line":315,"column":5}},"136":{"start":{"line":309,"column":6},"end":{"line":309,"column":35}},"137":{"start":{"line":310,"column":6},"end":{"line":310,"column":48}},"138":{"start":{"line":311,"column":6},"end":{"line":311,"column":44}},"139":{"start":{"line":312,"column":6},"end":{"line":312,"column":70}},"140":{"start":{"line":313,"column":6},"end":{"line":313,"column":16}},"141":{"start":{"line":314,"column":6},"end":{"line":314,"column":13}},"142":{"start":{"line":317,"column":4},"end":{"line":317,"column":110}},"143":{"start":{"line":318,"column":4},"end":{"line":318,"column":90}},"144":{"start":{"line":320,"column":4},"end":{"line":322,"column":7}},"145":{"start":{"line":321,"column":6},"end":{"line":321,"column":33}},"146":{"start":{"line":324,"column":4},"end":{"line":326,"column":7}},"147":{"start":{"line":325,"column":6},"end":{"line":325,"column":60}},"148":{"start":{"line":328,"column":4},"end":{"line":333,"column":6}},"149":{"start":{"line":335,"column":4},"end":{"line":335,"column":34}},"150":{"start":{"line":341,"column":0},"end":{"line":378,"column":2}},"151":{"start":{"line":342,"column":2},"end":{"line":342,"column":26}},"152":{"start":{"line":345,"column":2},"end":{"line":347,"column":4}},"153":{"start":{"line":349,"column":2},"end":{"line":353,"column":3}},"154":{"start":{"line":350,"column":4},"end":{"line":352,"column":7}},"155":{"start":{"line":351,"column":6},"end":{"line":351,"column":66}},"156":{"start":{"line":355,"column":2},"end":{"line":355,"column":55}},"157":{"start":{"line":356,"column":2},"end":{"line":356,"column":50}},"158":{"start":{"line":357,"column":2},"end":{"line":357,"column":13}},"159":{"start":{"line":358,"column":2},"end":{"line":362,"column":3}},"160":{"start":{"line":359,"column":4},"end":{"line":359,"column":81}},"161":{"start":{"line":361,"column":4},"end":{"line":361,"column":58}},"162":{"start":{"line":365,"column":2},"end":{"line":374,"column":5}},"163":{"start":{"line":366,"column":4},"end":{"line":371,"column":5}},"164":{"start":{"line":370,"column":6},"end":{"line":370,"column":13}},"165":{"start":{"line":372,"column":4},"end":{"line":372,"column":61}},"166":{"start":{"line":373,"column":4},"end":{"line":373,"column":56}},"167":{"start":{"line":375,"column":2},"end":{"line":375,"column":40}},"168":{"start":{"line":377,"column":2},"end":{"line":377,"column":16}}},"branchMap":{"1":{"line":15,"type":"cond-expr","locations":[{"start":{"line":15,"column":37},"end":{"line":15,"column":48}},{"start":{"line":15,"column":51},"end":{"line":15,"column":63}}]},"2":{"line":16,"type":"if","locations":[{"start":{"line":16,"column":2},"end":{"line":16,"column":2}},{"start":{"line":16,"column":2},"end":{"line":16,"column":2}}]},"3":{"line":21,"type":"if","locations":[{"start":{"line":21,"column":6},"end":{"line":21,"column":6}},{"start":{"line":21,"column":6},"end":{"line":21,"column":6}}]},"4":{"line":41,"type":"binary-expr","locations":[{"start":{"line":41,"column":4},"end":{"line":41,"column":29}},{"start":{"line":42,"column":4},"end":{"line":42,"column":24}},{"start":{"line":43,"column":4},"end":{"line":43,"column":24}}]},"5":{"line":55,"type":"if","locations":[{"start":{"line":55,"column":2},"end":{"line":55,"column":2}},{"start":{"line":55,"column":2},"end":{"line":55,"column":2}}]},"6":{"line":59,"type":"if","locations":[{"start":{"line":59,"column":2},"end":{"line":59,"column":2}},{"start":{"line":59,"column":2},"end":{"line":59,"column":2}}]},"7":{"line":89,"type":"if","locations":[{"start":{"line":89,"column":2},"end":{"line":89,"column":2}},{"start":{"line":89,"column":2},"end":{"line":89,"column":2}}]},"8":{"line":127,"type":"if","locations":[{"start":{"line":127,"column":2},"end":{"line":127,"column":2}},{"start":{"line":127,"column":2},"end":{"line":127,"column":2}}]},"9":{"line":131,"type":"if","locations":[{"start":{"line":131,"column":2},"end":{"line":131,"column":2}},{"start":{"line":131,"column":2},"end":{"line":131,"column":2}}]},"10":{"line":131,"type":"binary-expr","locations":[{"start":{"line":131,"column":6},"end":{"line":131,"column":24}},{"start":{"line":131,"column":28},"end":{"line":131,"column":46}},{"start":{"line":131,"column":50},"end":{"line":131,"column":68}},{"start":{"line":131,"column":72},"end":{"line":131,"column":90}},{"start":{"line":131,"column":94},"end":{"line":131,"column":112}}]},"11":{"line":133,"type":"if","locations":[{"start":{"line":133,"column":4},"end":{"line":133,"column":4}},{"start":{"line":133,"column":4},"end":{"line":133,"column":4}}]},"12":{"line":136,"type":"if","locations":[{"start":{"line":136,"column":6},"end":{"line":136,"column":6}},{"start":{"line":136,"column":6},"end":{"line":136,"column":6}}]},"13":{"line":136,"type":"binary-expr","locations":[{"start":{"line":136,"column":10},"end":{"line":136,"column":28}},{"start":{"line":136,"column":32},"end":{"line":136,"column":50}},{"start":{"line":136,"column":54},"end":{"line":136,"column":72}}]},"14":{"line":138,"type":"binary-expr","locations":[{"start":{"line":138,"column":38},"end":{"line":138,"column":69}},{"start":{"line":138,"column":73},"end":{"line":138,"column":74}}]},"15":{"line":139,"type":"if","locations":[{"start":{"line":139,"column":8},"end":{"line":139,"column":8}},{"start":{"line":139,"column":8},"end":{"line":139,"column":8}}]},"16":{"line":195,"type":"if","locations":[{"start":{"line":195,"column":2},"end":{"line":195,"column":2}},{"start":{"line":195,"column":2},"end":{"line":195,"column":2}}]},"17":{"line":198,"type":"if","locations":[{"start":{"line":198,"column":2},"end":{"line":198,"column":2}},{"start":{"line":198,"column":2},"end":{"line":198,"column":2}}]},"18":{"line":200,"type":"if","locations":[{"start":{"line":200,"column":4},"end":{"line":200,"column":4}},{"start":{"line":200,"column":4},"end":{"line":200,"column":4}}]},"19":{"line":204,"type":"cond-expr","locations":[{"start":{"line":204,"column":36},"end":{"line":204,"column":44}},{"start":{"line":204,"column":47},"end":{"line":204,"column":54}}]},"20":{"line":224,"type":"if","locations":[{"start":{"line":224,"column":4},"end":{"line":224,"column":4}},{"start":{"line":224,"column":4},"end":{"line":224,"column":4}}]},"21":{"line":230,"type":"if","locations":[{"start":{"line":230,"column":2},"end":{"line":230,"column":2}},{"start":{"line":230,"column":2},"end":{"line":230,"column":2}}]},"22":{"line":231,"type":"if","locations":[{"start":{"line":231,"column":4},"end":{"line":231,"column":4}},{"start":{"line":231,"column":4},"end":{"line":231,"column":4}}]},"23":{"line":233,"type":"if","locations":[{"start":{"line":233,"column":11},"end":{"line":233,"column":11}},{"start":{"line":233,"column":11},"end":{"line":233,"column":11}}]},"24":{"line":233,"type":"binary-expr","locations":[{"start":{"line":233,"column":15},"end":{"line":233,"column":57}},{"start":{"line":233,"column":61},"end":{"line":233,"column":100}}]},"25":{"line":242,"type":"binary-expr","locations":[{"start":{"line":242,"column":11},"end":{"line":242,"column":38}},{"start":{"line":242,"column":42},"end":{"line":244,"column":6}}]},"26":{"line":249,"type":"if","locations":[{"start":{"line":249,"column":4},"end":{"line":249,"column":4}},{"start":{"line":249,"column":4},"end":{"line":249,"column":4}}]},"27":{"line":258,"type":"if","locations":[{"start":{"line":258,"column":4},"end":{"line":258,"column":4}},{"start":{"line":258,"column":4},"end":{"line":258,"column":4}}]},"28":{"line":264,"type":"if","locations":[{"start":{"line":264,"column":4},"end":{"line":264,"column":4}},{"start":{"line":264,"column":4},"end":{"line":264,"column":4}}]},"29":{"line":273,"type":"if","locations":[{"start":{"line":273,"column":4},"end":{"line":273,"column":4}},{"start":{"line":273,"column":4},"end":{"line":273,"column":4}}]},"30":{"line":280,"type":"if","locations":[{"start":{"line":280,"column":4},"end":{"line":280,"column":4}},{"start":{"line":280,"column":4},"end":{"line":280,"column":4}}]},"31":{"line":280,"type":"binary-expr","locations":[{"start":{"line":280,"column":8},"end":{"line":280,"column":35}},{"start":{"line":280,"column":39},"end":{"line":280,"column":74}}]},"32":{"line":287,"type":"if","locations":[{"start":{"line":287,"column":4},"end":{"line":287,"column":4}},{"start":{"line":287,"column":4},"end":{"line":287,"column":4}}]},"33":{"line":293,"type":"binary-expr","locations":[{"start":{"line":293,"column":17},"end":{"line":293,"column":35}},{"start":{"line":293,"column":39},"end":{"line":293,"column":41}}]},"34":{"line":294,"type":"if","locations":[{"start":{"line":294,"column":4},"end":{"line":294,"column":4}},{"start":{"line":294,"column":4},"end":{"line":294,"column":4}}]},"35":{"line":300,"type":"if","locations":[{"start":{"line":300,"column":4},"end":{"line":300,"column":4}},{"start":{"line":300,"column":4},"end":{"line":300,"column":4}}]},"36":{"line":300,"type":"binary-expr","locations":[{"start":{"line":300,"column":8},"end":{"line":300,"column":43}},{"start":{"line":300,"column":47},"end":{"line":300,"column":98}}]},"37":{"line":306,"type":"if","locations":[{"start":{"line":306,"column":4},"end":{"line":306,"column":4}},{"start":{"line":306,"column":4},"end":{"line":306,"column":4}}]},"38":{"line":306,"type":"binary-expr","locations":[{"start":{"line":306,"column":8},"end":{"line":306,"column":39}},{"start":{"line":306,"column":43},"end":{"line":306,"column":49}},{"start":{"line":306,"column":53},"end":{"line":306,"column":89}},{"start":{"line":307,"column":8},"end":{"line":307,"column":50}}]},"39":{"line":317,"type":"binary-expr","locations":[{"start":{"line":317,"column":31},"end":{"line":317,"column":55}},{"start":{"line":317,"column":59},"end":{"line":317,"column":109}}]},"40":{"line":318,"type":"cond-expr","locations":[{"start":{"line":318,"column":47},"end":{"line":318,"column":57}},{"start":{"line":318,"column":60},"end":{"line":318,"column":69}}]},"41":{"line":342,"type":"binary-expr","locations":[{"start":{"line":342,"column":12},"end":{"line":342,"column":19}},{"start":{"line":342,"column":23},"end":{"line":342,"column":25}}]},"42":{"line":349,"type":"if","locations":[{"start":{"line":349,"column":2},"end":{"line":349,"column":2}},{"start":{"line":349,"column":2},"end":{"line":349,"column":2}}]},"43":{"line":358,"type":"if","locations":[{"start":{"line":358,"column":2},"end":{"line":358,"column":2}},{"start":{"line":358,"column":2},"end":{"line":358,"column":2}}]},"44":{"line":366,"type":"if","locations":[{"start":{"line":366,"column":4},"end":{"line":366,"column":4}},{"start":{"line":366,"column":4},"end":{"line":366,"column":4}}]}},"code":["// © 2013 - 2016 Rob Wu <rob@robwu.nl>","// Released under the MIT license","","'use strict';","","var httpProxy = require('http-proxy');","var net = require('net');","var url = require('url');","var regexp_tld = require('./regexp-top-level-domain');","var getProxyForUrl = require('proxy-from-env').getProxyForUrl;","","var help_text = {};","function showUsage(help_file, headers, response) {","  var isHtml = /\\.html$/.test(help_file);","  headers['content-type'] = isHtml ? 'text/html' : 'text/plain';","  if (help_text[help_file] != null) {","    response.writeHead(200, headers);","    response.end(help_text[help_file]);","  } else {","    require('fs').readFile(help_file, 'utf8', function(err, data) {","      if (err) {","        console.error(err);","        response.writeHead(500, headers);","        response.end();","      } else {","        help_text[help_file] = data;","        showUsage(help_file, headers, response); // Recursive call, but since data is a string, the recursion will end","      }","    });","  }","}","","/**"," * Check whether the specified hostname is valid."," *"," * @param hostname {string} Host name (excluding port) of requested resource."," * @return {boolean} Whether the requested resource can be accessed."," */","function isValidHostName(hostname) {","  return !!(","    regexp_tld.test(hostname) ||","    net.isIPv4(hostname) ||","    net.isIPv6(hostname)","  );","}","","/**"," * Adds CORS headers to the response headers."," *"," * @param headers {object} Response headers"," * @param request {ServerRequest}"," */","function withCORS(headers, request) {","  headers['access-control-allow-origin'] = '*';","  if (request.headers['access-control-request-method']) {","    headers['access-control-allow-methods'] = request.headers['access-control-request-method'];","    delete request.headers['access-control-request-method'];","  }","  if (request.headers['access-control-request-headers']) {","    headers['access-control-allow-headers'] = request.headers['access-control-request-headers'];","    delete request.headers['access-control-request-headers'];","  }","","  headers['access-control-expose-headers'] = Object.keys(headers).join(',');","","  return headers;","}","","/**"," * Performs the actual proxy request."," *"," * @param req {ServerRequest} Incoming http request"," * @param res {ServerResponse} Outgoing (proxied) http request"," * @param proxy {HttpProxy}"," */","function proxyRequest(req, res, proxy) {","  var location = req.corsAnywhereRequestState.location;","  req.url = location.path;","","  var proxyOptions = {","    changeOrigin: false,","    prependPath: false,","    target: location,","    headers: {","      host: location.host,","    },","  };","  var proxyThroughUrl = req.corsAnywhereRequestState.getProxyForUrl(location.href);","  if (proxyThroughUrl) {","    proxyOptions.target = proxyThroughUrl;","    proxyOptions.toProxy = true;","    // If a proxy URL was set, req.url must be an absolute URL. Then the request will not be sent","    // directly to the proxied URL, but through another proxy.","    req.url = location.href;","  }","","  // Start proxying the request","  proxy.web(req, res, proxyOptions);","}","","/**"," * \"Allow observer to modify headers or abort response\""," * https://github.com/nodejitsu/node-http-proxy/blob/v1.11.1/lib/http-proxy/passes/web-incoming.js#L147"," *"," * This method modifies the response headers of the proxied response."," * If a redirect is detected, the response is not sent to the client,"," * and a new request is initiated."," *"," * @param response {ClientRequest} The response of the proxied request"," * @param req {IncomingMessage} Incoming HTTP request, augmented with property corsAnywhereRequestState"," * @param req.corsAnywhereRequestState {object}"," * @param req.corsAnywhereRequestState.location {object} See parseURL"," * @param req.corsAnywhereRequestState.getProxyForUrl {function} See proxyRequest"," * @param req.corsAnywhereRequestState.proxyBaseUrl {string} Base URL of the CORS API endpoint"," * @param req.corsAnywhereRequestState.maxRedirects {number} Maximum number of redirects"," * @param req.corsAnywhereRequestState.redirectCount_ {number} Internally used to count redirects"," * @param res {ServerResponse} Outgoing (proxied) HTTP request"," *"," * @this {HttpProxy}"," */","function onProxyResponse(response, req, res) {","  var proxy = this;","  var requestState = req.corsAnywhereRequestState;","","  var statusCode = response.statusCode;","","  if (!requestState.redirectCount_) {","    res.setHeader('x-request-url', requestState.location.href);","  }","  // Handle redirects","  if (statusCode === 301 || statusCode === 302 || statusCode === 303 || statusCode === 307 || statusCode === 308) {","    var locationHeader = response.headers.location;","    if (locationHeader) {","      locationHeader = url.resolve(requestState.location.href, locationHeader);","","      if (statusCode === 301 || statusCode === 302 || statusCode === 303) {","        // Exclude 307 & 308, because they are rare, and require preserving the method + request body","        requestState.redirectCount_ = requestState.redirectCount_ + 1 || 1;","        if (requestState.redirectCount_ <= requestState.maxRedirects) {","          // Handle redirects within the server, because some clients (e.g. Android Stock Browser)","          // cancel redirects.","          // Set header for debugging purposes. Do not try to parse it!","          res.setHeader('X-CORS-Redirect-' + requestState.redirectCount_, statusCode + ' ' + locationHeader);","","          req.method = 'GET';","          req.headers['content-length'] = '0';","          delete req.headers['content-type'];","          requestState.location = parseURL(locationHeader);","","          // ### Dispose the current proxied request","          // Haha - hack! This should be fixed when (if?) node-http-proxy supports cancelation of requests..","          // Shadow all methods that mutate the |res| object.","          // See https://github.com/nodejitsu/node-http-proxy/blob/v1.11.1/lib/http-proxy/passes/web-outgoing.js#L73-L100","          var setHeader = res.setHeader;","          var writeHead = res.writeHead;","          res.setHeader = res.writeHead = function noop() {};","          response.on = function noop2() {};","          response.pipe = function(res) {","            res.setHeader =
[...]
120":{"start":{"line":196,"column":8},"end":{"line":196,"column":35}},"121":{"start":{"line":199,"column":6},"end":{"line":202,"column":9}},"122":{"start":{"line":209,"column":0},"end":{"line":236,"column":2}},"123":{"start":{"line":210,"column":2},"end":{"line":210,"column":29}},"124":{"start":{"line":210,"column":16},"end":{"line":210,"column":29}},"125":{"start":{"line":213,"column":2},"end":{"line":218,"column":4}},"126":{"start":{"line":220,"column":2},"end":{"line":224,"column":3}},"127":{"start":{"line":221,"column":4},"end":{"line":223,"column":7}},"128":{"start":{"line":222,"column":6},"end":{"line":222,"column":66}},"129":{"start":{"line":226,"column":2},"end":{"line":226,"column":36}},"130":{"start":{"line":227,"column":2},"end":{"line":227,"column":65}},"131":{"start":{"line":230,"column":2},"end":{"line":233,"column":5}},"132":{"start":{"line":231,"column":4},"end":{"line":231,"column":27}},"133":{"start":{"line":232,"column":4},"end":{"line":232,"column":14}},"134":{"start":{"line":235,"column":2},"end":{"line":235,"column":16}}},"branchMap":{"1":{"line":13,"type":"if","locations":[{"start":{"line":13,"column":2},"end":{"line":13,"column":2}},{"start":{"line":13,"column":2},"end":{"line":13,"column":2}}]},"2":{"line":18,"type":"if","locations":[{"start":{"line":18,"column":6},"end":{"line":18,"column":6}},{"start":{"line":18,"column":6},"end":{"line":18,"column":6}}]},"3":{"line":33,"type":"binary-expr","locations":[{"start":{"line":33,"column":4},"end":{"line":33,"column":29}},{"start":{"line":34,"column":4},"end":{"line":34,"column":24}},{"start":{"line":35,"column":4},"end":{"line":35,"column":24}}]},"4":{"line":42,"type":"binary-expr","locations":[{"start":{"line":42,"column":15},"end":{"line":42,"column":37}},{"start":{"line":42,"column":41},"end":{"line":42,"column":47}}]},"5":{"line":43,"type":"cond-expr","locations":[{"start":{"line":43,"column":63},"end":{"line":43,"column":66}},{"start":{"line":43,"column":69},"end":{"line":43,"column":75}}]},"6":{"line":44,"type":"if","locations":[{"start":{"line":44,"column":2},"end":{"line":44,"column":2}},{"start":{"line":44,"column":2},"end":{"line":44,"column":2}}]},"7":{"line":48,"type":"if","locations":[{"start":{"line":48,"column":2},"end":{"line":48,"column":2}},{"start":{"line":48,"column":2},"end":{"line":48,"column":2}}]},"8":{"line":55,"type":"cond-expr","locations":[{"start":{"line":55,"column":22},"end":{"line":55,"column":29}},{"start":{"line":55,"column":33},"end":{"line":55,"column":71}}]},"9":{"line":55,"type":"cond-expr","locations":[{"start":{"line":55,"column":55},"end":{"line":55,"column":62}},{"start":{"line":55,"column":65},"end":{"line":55,"column":71}}]},"10":{"line":68,"type":"if","locations":[{"start":{"line":68,"column":2},"end":{"line":68,"column":2}},{"start":{"line":68,"column":2},"end":{"line":68,"column":2}}]},"11":{"line":77,"type":"if","locations":[{"start":{"line":77,"column":4},"end":{"line":77,"column":4}},{"start":{"line":77,"column":4},"end":{"line":77,"column":4}}]},"12":{"line":81,"type":"if","locations":[{"start":{"line":81,"column":4},"end":{"line":81,"column":4}},{"start":{"line":81,"column":4},"end":{"line":81,"column":4}}]},"13":{"line":86,"type":"if","locations":[{"start":{"line":86,"column":6},"end":{"line":86,"column":6}},{"start":{"line":86,"column":6},"end":{"line":86,"column":6}}]},"14":{"line":86,"type":"binary-expr","locations":[{"start":{"line":86,"column":10},"end":{"line":86,"column":28}},{"start":{"line":86,"column":32},"end":{"line":86,"column":50}}]},"15":{"line":87,"type":"binary-expr","locations":[{"start":{"line":87,"column":23},"end":{"line":87,"column":39}},{"start":{"line":87,"column":43},"end":{"line":87,"column":59}}]},"16":{"line":88,"type":"if","locations":[{"start":{"line":88,"column":8},"end":{"line":88,"column":8}},{"start":{"line":88,"column":8},"end":{"line":88,"column":8}}]},"17":{"line":103,"type":"cond-expr","locations":[{"start":{"line":103,"column":30},"end":{"line":103,"column":42}},{"start":{"line":103,"column":45},"end":{"line":103,"column":46}}]},"18":{"line":104,"type":"if","locations":[{"start":{"line":104,"column":8},"end":{"line":104,"column":8}},{"start":{"line":104,"column":8},"end":{"line":104,"column":8}}]},"19":{"line":112,"type":"binary-expr","locations":[{"start":{"line":112,"column":30},"end":{"line":112,"column":42}},{"start":{"line":112,"column":47},"end":{"line":112,"column":86}}]},"20":{"line":112,"type":"cond-expr","locations":[{"start":{"line":112,"column":78},"end":{"line":112,"column":81}},{"start":{"line":112,"column":84},"end":{"line":112,"column":86}}]},"21":{"line":136,"type":"if","locations":[{"start":{"line":136,"column":2},"end":{"line":136,"column":2}},{"start":{"line":136,"column":2},"end":{"line":136,"column":2}}]},"22":{"line":138,"type":"if","locations":[{"start":{"line":138,"column":6},"end":{"line":138,"column":6}},{"start":{"line":138,"column":6},"end":{"line":138,"column":6}}]},"23":{"line":146,"type":"if","locations":[{"start":{"line":146,"column":4},"end":{"line":146,"column":4}},{"start":{"line":146,"column":4},"end":{"line":146,"column":4}}]},"24":{"line":159,"type":"if","locations":[{"start":{"line":159,"column":6},"end":{"line":159,"column":6}},{"start":{"line":159,"column":6},"end":{"line":159,"column":6}}]},"25":{"line":159,"type":"binary-expr","locations":[{"start":{"line":159,"column":10},"end":{"line":159,"column":16}},{"start":{"line":159,"column":21},"end":{"line":159,"column":49}},{"start":{"line":159,"column":53},"end":{"line":159,"column":81}},{"start":{"line":159,"column":86},"end":{"line":159,"column":102}}]},"26":{"line":163,"type":"if","locations":[{"start":{"line":163,"column":13},"end":{"line":163,"column":13}},{"start":{"line":163,"column":13},"end":{"line":163,"column":13}}]},"27":{"line":170,"type":"if","locations":[{"start":{"line":170,"column":13},"end":{"line":170,"column":13}},{"start":{"line":170,"column":13},"end":{"line":170,"column":13}}]},"28":{"line":175,"type":"if","locations":[{"start":{"line":175,"column":13},"end":{"line":175,"column":13}},{"start":{"line":175,"column":13},"end":{"line":175,"column":13}}]},"29":{"line":180,"type":"if","locations":[{"start":{"line":180,"column":13},"end":{"line":180,"column":13}},{"start":{"line":180,"column":13},"end":{"line":180,"column":13}}]},"30":{"line":180,"type":"binary-expr","locations":[{"start":{"line":180,"column":17},"end":{"line":180,"column":51}},{"start":{"line":180,"column":55},"end":{"line":180,"column":116}}]},"31":{"line":189,"type":"cond-expr","locations":[{"start":{"line":189,"column":26},"end":{"line":189,"column":35}},{"start":{"line":189,"column":39},"end":{"line":189,"column":97}}]},"32":{"line":189,"type":"cond-expr","locations":[{"start":{"line":189,"column":89},"end":{"line":189,"column":92}},{"start":{"line":189,"column":95},"end":{"line":189,"column":97}}]},"33":{"line":189,"type":"binary-expr","locations":[{"start":{"line":189,"column":39},"end":{"line":189,"column":47}},{"start":{"line":189,"column":51},"end":{"line":189,"column":86}}]},"34":{"line":210,"type":"if","locations":[{"start":{"line":210,"column":2},"end":{"line":210,"column":2}},{"start":{"line":210,"column":2},"end":{"line":210,"column":2}}]},"35":{"line":220,"type":"if","locations":[{"start":{"line":220,"column":2},"end":{"line":220,"column":2}},{"start":{"line":220,"column":2},"end":{"line":220,"column":2}}]}},"code":["// © 2013 Rob W <gwnRob@gmail.com>","// Released under the MIT license","","var httpProxy = require('http-proxy');","var net = require('net');","var url = require('url');","var regexp_tld = require('./regexp-top-level-domain');","","var help_file = __dirname + '/help.txt';","var help_text;","function showUsage(headers, response) {","  headers['content-type'] = 'text/plain';","  if (help_text != null) {","    response.writeHead(200, headers);","    response.end(help_text);","  } else {","    require('fs').readFile(help_file, 'utf8', function(err, data) {","      if (err) {","        console.error(err);","        response.writeHead(500, headers);","        response.end();","      } else {","        help_text = data;","        showUsage(headers, response); // Recursive call, but since data is a string, the recursion will end","      }","    });","  }","}","","function hasNoContent(hostname) {","  // Show 404 for non-requests. For instance when hostname is favicon.ico, robots.txt, ...","  return !(","    regexp_tld.test(hostname) ||","    net.isIPv4(hostname) ||","    net.isIPv6(hostname)","  );","}","","// First argument: The response.headers object","// Second argument: The request object.","function withCORS(headers, request) {","  var origin = request.headers.origin || 'null';","  headers['access-control-allow-origin'] = origin === 'null' ? '*' : origin;","  if (request.headers['access-control-request-method']) {","    headers['access-control-allow-methods'] = request.headers['access-control-request-method'];","    delete req.headers['access-control-request-method'];","  }","  if (request.headers['access-control-request-headers']) {","    headers['access-control-allow-headers'] = request.headers['access-control-request-headers'];","    delete request.headers['access-control-request-headers'];","  }","  return headers;","}","function getProto(req) {","  return req.isSpdy ? 'https' : (req.connection.pair ? 'https' : 'http');","}","function _clone(obj) {","  var clone = {};","  Object.keys(clone).forEach(function(key) {","    clone[key] = obj[key];","  });","  return clone;","}","function isForbidden(host) {","  return /^localhost|0.0.0.0|::1|::|$/i.test(host);","}","function proxyRequest(req, res, proxy, full_url, proxyOptions, /*internal*/attempts) {","  if (isForbidden(proxyOptions.host)) {","    res.writeHead(403, 'Refused to visit', withCORS({'Location': full_url}, req));","    return;","  }","  // Hook res.writeHead method to set the correct header","  var base_host = getProto(req) + req.headers.host;","  var original_headers = _clone(req.headers);","  var res_writeHead = res.writeHead;","  res.writeHead = function(statusCode, reasonPhrase, headers) {","    if (typeof reasonPhrase === 'object') {","      headers = reasonPhrase;","      reasonPhrase = undefined;","    }","    if (!headers) headers = withCORS({}, req);","    else {","      withCORS(headers, req);","      ","      // Handle redirects","      if (statusCode === 301 || statusCode === 302) {","        var location = headers.location || headers.Location;","        if (!location) {","          return res_writeHead.call(400, statusCode + ' without Location header', headers);","          return;","        }","        location = url.resolve(full_url, location);","        // Change state of req as if no request has occurred yet.","        res.writable = false;","        res.removeAllListeners();","        req.emit('aborted');","        req.removeAllListeners();","        req.url = location;","        req.headers = original_headers;","","        res.writable = true;","        res.writeHead = res_writeHead;","        attempts = attempts ? attempts + 1 : 1;","        if (attempts > 5) { // \"A user agent SHOULD NOT automatically redirect a request more than 5 times\"","                            // --- http://tools.ietf.org/html/rfc2068#section-10.3","          res.writeHead(400, 'Maximum redirect count exceeded', headers);","        } else {","          var parsed = url.parse(location);","          proxyOptions = {","            host: parsed.hostname","          };","          proxyOptions.port = +parsed.port || (parsed.protocol === 'https:' ? 443 : 80);","          proxyRequest(req, res, proxy, location, proxyOptions, attempts);","        }","        return;","      }","","      delete headers['set-cookie'];","      delete headers['set-cookie2'];","    }","    return res_writeHead.call(this, statusCode, reasonPhrase, headers);","  };","","  // Finally, proxy the request","  proxy.proxyRequest(req, res, proxyOptions);","}","","","// Called on every request","var getHandler = exports.getHandler = function(options) {","  var corsAnywhere = {","    withCredentials: false,   // Toggle credentials/cookies","    requireHeader: null,      // Require a header to be set?","    removeHeaders: []         // Strip these request headers","  };","  if (options) {","    Object.keys(corsAnywhere).forEach(function(option) {","      if (Object.prototype.hasOwnProperty.call(options, option)) {","        corsAnywhere[option] = options[option];","      }","    });","  }","","  return function(req, res, proxy) {","    var cors_headers = withCORS({}, req);","    if (req.method == 'OPTIONS') {","      // Pre-flight request. Reply successfully:","      res.writeHead(200, cors_headers);","      res.end();","      return;","    } else {","      // Actual request. First, extract the desired URL from the request:","      var full_url, host, hostname, port, path, match;","      match = req.url.match(/^\\/(?:(https?:)?\\/\\/)?(([^\\/?]+?)(?::(\\d{0,5})(?=[\\/?]|$))?)([\\/?][\\S\\s]*|$)/i);","      //                            ^^^^^^^          ^^^^^^^^      ^^^^^^^                ^^^^^^^^^^^^","      //                          1:protocol       3:hostname     4:port                 5:path + query string","      //                                            ^^^^^^^^^^^^^^^^^^^^^^^^^^^^^^^^^^^^","      //                                          2:host","      if (!match || (match[2].indexOf('.') === -1 && match[2].indexOf(':') === -1) || match[4] > 65535) {","        // Incorrect usage. Show how to do it correctly.","        showUsage(cors_headers, res);","        return;","      } else if (match[2] === 'iscorsneeded') {","        // Is CORS needed? This path is provided so that API consumers can test whether it's necessary","        // to use CORS. The server's reply is always No, because if they can read it, then CORS headers","        // are not necessary.","        res.writeHead(200, {'Content-Type': 'text/plain'});","        res.end('no');","        return;","      } else if (match[4] > 65535) {","        // Port is higher than 65535","        res.writeHead(400, 'Invalid port', cors_headers);","        res.end();","        return;","      } else if ( hasNoContent(match[3]) ) {","        // Don't even try to proxy invalid hosts","        res.writeHead(404, cors_headers);","        res.end();","        return;","      } else if (corsAnywhere.requireHeader != null && req.headers[corsAnywhere.requireHeader.toLowerCase()] == null) {","        res.writeHead(400, cors_headers);","        res.end('Missing ' + corsAnywhere.requireHeader + ' header!');","        return;","      } else {","        full_url = match[0].substr(1);","        host = match[2];","        hostname = match[3];","        // Read port from input:  :<port>  /  443 if https  /  80 by default","        port = match[4] ? +match[4] : (match[1] && match[1].toLowerCase() === 'https:' ? 443 : 80);","        path = match[5];","      }","      // Change the requested path:","      req.url = path;","","      corsAnywhere.removeHeaders.forEach(function(header) {","        delete req.headers[header];","      });","","      proxyRequest(req, res, proxy, full_url, {","        host: hostname,","        port: port","      });","    }","  };","};","","// Create server with default and given values","// Creator still needs to call .listen()","var createServer = exports.createServer = function(options) {","  if (!options) options = {};","","  // Default options:","  var httpProxyOptions = {","    changeOrigin: true,         // Change Host request header to match the requested URL instead of the proxy's URL.","    xforward: {","      enable: true            // Append X-Forwarded-* headers","    }","  };","  // Allow user to override defaults and add own options","  if (options.httpProxyOptions) {","    Object.keys(options.httpProxyOptions).forEach(function(option) {","      httpProxyOptions[option] = options.httpProxyOptions[option];","    });","  }","","  var handler = getHandler(options);","  var server = httpProxy.createServer(httpProxyOptions, handler);","","  // When the server fails, just show a 404 instead of Internal server error","  server.proxy.on('proxyError', function(err, req, res) {","    res.writeHead(404, {});","    res.end();","  });","","  return server;","};",""],"l":{"4":2,"5":2,"6":2,"7":2,"9":0,"10":0,"11":1,"12":0,"13":0,"14":0,"15":0,"17":0,"18":0,"19":0,"20":0,"21":0,"23":0,"24":0,"30":1,"32":0,"41":1,"42":0,"43":0,"44":0,"45":0,"46":0,"48":0,"49":0,"50":0,"52":0,"54":1,"55":0,"57":1,"58":0,"59":0,"60":0,"62":0,"64":1,"65":0,"67":1,"68":0,"69":0,"70":0,"73":0,"74":0,"75":0,"76":0,"77":0,"78":0,"79":0,"81":0,"83":0,"86":0,"87":0,"88":0,"89":0,"90":0,"92":0,"94":0,"95":0,"96":0,"97":0,"98":0,"99":0,"101":0,"102":0,"103":0,"104":0,"106":0,"108":0,"109":0,"112":0,"113":0,"115":0,"118":0,"119":0,"121":0,"125":0,"130":0,"131":0,"136":0,"137":0,"138":0,"139":0,"144":0,"145":0,"146":0,"148":0,"149":0,"150":0,"153":0,"154":0,"159":0,"161":0,"162":0,"163":0,"167":0,"168":0,"169":0,"170":0,"172":0,"173":0,"174":0,"175":0,"177":0,"178":0,"179":0,"180":0,"181":0,"182":0,"183":0,"185":0,"186":0,"187":0,"189":0,"190":0,"193":0,"195":0,"196":0,"199":0,"209":0,"210":0,"213":0,"220":0,"221":0,"222":0,"226":0,"227":0,"230":0,"231":0,"232":0,"235":0}},"/home/travis/build/npmtest/node-npmtest-cors-anywhere/node_modules/cors-anywhere/server.js":{"path":"/home/travis/build/npmtest/node-npmtest-cors-anywhere/node_modules/cors-anywhere/server.js","s":{"1":1,"2":1,"3":1,"4":1,"5":1,"6":0},"b":{"1":[1,0],"2":[1,0],"3":[1,1]},"f":{"1":0},"fnMap":{"1":{"name":"(anonymous_1)","line":29,"loc":{"start":{"line":29,"column":22},"end":{"line":29,"column":33}}}},"statementMap":{"1":{"start":{"line":2,"column":0},"end":{"line":2,"column":54}},"2":{"start":{"line":3,"column":0},"end":{"line":3,"column":36}},"3":{"start":{"line":9,"column":0},"end":{"line":9,"column":76}},"4":{"start":{"line":11,"column":0},"end":{"line":11,"column":48}},"5":{"start":{"line":12,"column":0},"end":{"line":31,"column":3}},"6":{"start":{"line":30,"column":2},"end":{"line":30,"column":63}}},"branchMap":{"1":{"line":2,"type":"cond-expr","locations":[{"start":{"line":2,"column":30},"end":{"line":2,"column":39}},{"start":{"line":2,"column":42},"end":{"line":2,"column":53}}]},"2":{"line":3,"type":"binary-expr","locations":[{"start":{"line":3,"column":11},"end":{"line":3,"column":27}},{"start":{"line":3,"column":31},"end":{"line":3,"column":35}}]},"3":{"line":9,"type":"binary-expr","locations":[{"start":{"line":9,"column":23},"end":{"line":9,"column":57}},{"start":{"line":9,"column":61},"end":{"line":9,"column":63}}]}},"code":["// Heroku defines the environment variable PORT, and requires the binding address to be 0.0.0.0","var host = process.env.PORT ? '0.0.0.0' : '127.0.0.1';","var port = process.env.PORT || 8080;","","// Grab the blacklist from the command-line so that we can update the blacklist without deploying","// again. CORS Anywhere is open by design, and this blacklist is not used, except for countering","// immediate abuse (e.g. denial of service). If you want to block all origins except for some,","// use originWhitelist instead.","var originBlacklist = (process.env.CORSANYWHERE_BLACKLIST || '').split(',');","","var cors_proxy = require('./lib/cors-anywhere');","cors_proxy.createServer({","  originBlacklist: originBlacklist,","  requireHeader: ['origin', 'x-requested-with'],","  removeHeaders: [","    'cookie',","    'cookie2',","    // Strip Heroku-specific headers","    'x-heroku-queue-wait-time',","    'x-heroku-queue-depth',","    'x-heroku-dynos-in-use',","    'x-request-start',","  ],","  redirectSameOrigin: true,","  httpProxyOptions: {","    // Do not add X-Forwarded-For, etc. headers, because Heroku already adds it.","    xfwd: false,","  },","}).listen(port, host, function() {","  console.log('Running CORS Anywhere on ' + host + ':' + port);","});",""],"l":{"2":1,"3":1,"9":1,"11":1,"12":1,"30":0}}}